<?xml version="1.0" encoding="UTF-8" standalone="yes"?><!DOCTYPE report PUBLIC "-//JACOCO//DTD Report 1.0//EN" "report.dtd"><report name="SolarSystemSimulator"><sessioninfo id="source.home-4bf36335" start="1525437618135" dump="1525437623094"/><package name="particlesystem"><class name="particlesystem/Particle"><method name="&lt;init&gt;" desc="(DLutil/Vector3D;Lutil/Vector3D;)V" line="68"><counter type="INSTRUCTION" missed="17" covered="0"/><counter type="LINE" missed="6" covered="0"/><counter type="COMPLEXITY" missed="1" covered="0"/><counter type="METHOD" missed="1" covered="0"/></method><method name="&lt;init&gt;" desc="(DDLutil/Vector3D;Lutil/Vector3D;)V" line="82"><counter type="INSTRUCTION" missed="15" covered="0"/><counter type="LINE" missed="6" covered="0"/><counter type="COMPLEXITY" missed="1" covered="0"/><counter type="METHOD" missed="1" covered="0"/></method><method name="getMass" desc="()D" line="94"><counter type="INSTRUCTION" missed="3" covered="0"/><counter type="LINE" missed="1" covered="0"/><counter type="COMPLEXITY" missed="1" covered="0"/><counter type="METHOD" missed="1" covered="0"/></method><method name="setMass" desc="(D)V" line="103"><counter type="INSTRUCTION" missed="9" covered="0"/><counter type="LINE" missed="3" covered="0"/><counter type="COMPLEXITY" missed="1" covered="0"/><counter type="METHOD" missed="1" covered="0"/></method><method name="getPosition" desc="()Lutil/Vector3D;" line="112"><counter type="INSTRUCTION" missed="3" covered="0"/><counter type="LINE" missed="1" covered="0"/><counter type="COMPLEXITY" missed="1" covered="0"/><counter type="METHOD" missed="1" covered="0"/></method><method name="setPosition" desc="(Lutil/Vector3D;)V" line="120"><counter type="INSTRUCTION" missed="4" covered="0"/><counter type="LINE" missed="2" covered="0"/><counter type="COMPLEXITY" missed="1" covered="0"/><counter type="METHOD" missed="1" covered="0"/></method><method name="getVelocity" desc="()Lutil/Vector3D;" line="128"><counter type="INSTRUCTION" missed="3" covered="0"/><counter type="LINE" missed="1" covered="0"/><counter type="COMPLEXITY" missed="1" covered="0"/><counter type="METHOD" missed="1" covered="0"/></method><method name="setVelocity" desc="(Lutil/Vector3D;)V" line="136"><counter type="INSTRUCTION" missed="4" covered="0"/><counter type="LINE" missed="2" covered="0"/><counter type="COMPLEXITY" missed="1" covered="0"/><counter type="METHOD" missed="1" covered="0"/></method><method name="getMomentum" desc="()Lutil/Vector3D;" line="147"><counter type="INSTRUCTION" missed="6" covered="0"/><counter type="LINE" missed="1" covered="0"/><counter type="COMPLEXITY" missed="1" covered="0"/><counter type="METHOD" missed="1" covered="0"/></method><method name="getKineticEnergy" desc="()D" line="157"><counter type="INSTRUCTION" missed="13" covered="0"/><counter type="LINE" missed="2" covered="0"/><counter type="COMPLEXITY" missed="1" covered="0"/><counter type="METHOD" missed="1" covered="0"/></method><method name="getPotentialEnergy" desc="()D" line="166"><counter type="INSTRUCTION" missed="3" covered="0"/><counter type="LINE" missed="1" covered="0"/><counter type="COMPLEXITY" missed="1" covered="0"/><counter type="METHOD" missed="1" covered="0"/></method><method name="correctDrift" desc="(Lutil/Vector3D;Lutil/Vector3D;)V" line="175"><counter type="INSTRUCTION" missed="13" covered="0"/><counter type="LINE" missed="3" covered="0"/><counter type="COMPLEXITY" missed="1" covered="0"/><counter type="METHOD" missed="1" covered="0"/></method><method name="adjustKineticEnergy" desc="(D)V" line="185"><counter type="INSTRUCTION" missed="8" covered="0"/><counter type="LINE" missed="2" covered="0"/><counter type="COMPLEXITY" missed="1" covered="0"/><counter type="METHOD" missed="1" covered="0"/></method><method name="computeAccelerationNewtonMechanics" desc="(Ljava/util/Collection;)V" line="195"><counter type="INSTRUCTION" missed="50" covered="0"/><counter type="BRANCH" missed="4" covered="0"/><counter type="LINE" missed="10" covered="0"/><counter type="COMPLEXITY" missed="3" covered="0"/><counter type="METHOD" missed="1" covered="0"/></method><method name="computeAccelerationGeneralRelativity" desc="(Ljava/util/Collection;)V" line="241"><counter type="INSTRUCTION" missed="349" covered="0"/><counter type="BRANCH" missed="20" covered="0"/><counter type="LINE" missed="58" covered="0"/><counter type="COMPLEXITY" missed="11" covered="0"/><counter type="METHOD" missed="1" covered="0"/></method><method name="initStateLeapfrog" desc="(J)V" line="397"><counter type="INSTRUCTION" missed="13" covered="0"/><counter type="LINE" missed="2" covered="0"/><counter type="COMPLEXITY" missed="1" covered="0"/><counter type="METHOD" missed="1" covered="0"/></method><method name="updateStateLeapfrog" desc="(J)V" line="408"><counter type="INSTRUCTION" missed="17" covered="0"/><counter type="LINE" missed="3" covered="0"/><counter type="COMPLEXITY" missed="1" covered="0"/><counter type="METHOD" missed="1" covered="0"/></method><method name="updateStateRungeKuttaA" desc="(J)V" line="422"><counter type="INSTRUCTION" missed="47" covered="0"/><counter type="LINE" missed="7" covered="0"/><counter type="COMPLEXITY" missed="1" covered="0"/><counter type="METHOD" missed="1" covered="0"/></method><method name="updateStateRungeKuttaB" desc="(J)V" line="441"><counter type="INSTRUCTION" missed="38" covered="0"/><counter type="LINE" missed="5" covered="0"/><counter type="COMPLEXITY" missed="1" covered="0"/><counter type="METHOD" missed="1" covered="0"/></method><method name="updateStateRungeKuttaC" desc="(J)V" line="457"><counter type="INSTRUCTION" missed="34" covered="0"/><counter type="LINE" missed="5" covered="0"/><counter type="COMPLEXITY" missed="1" covered="0"/><counter type="METHOD" missed="1" covered="0"/></method><method name="updateStateRungeKuttaD" desc="(J)V" line="473"><counter type="INSTRUCTION" missed="92" covered="0"/><counter type="LINE" missed="17" covered="0"/><counter type="COMPLEXITY" missed="1" covered="0"/><counter type="METHOD" missed="1" covered="0"/></method><method name="accelerationNewtonMechanics" desc="(Lparticlesystem/Particle;)Lutil/Vector3D;" line="509"><counter type="INSTRUCTION" missed="21" covered="0"/><counter type="LINE" missed="4" covered="0"/><counter type="COMPLEXITY" missed="1" covered="0"/><counter type="METHOD" missed="1" covered="0"/></method><method name="potentialEngergy" desc="(Lparticlesystem/Particle;)D" line="528"><counter type="INSTRUCTION" missed="17" covered="0"/><counter type="LINE" missed="3" covered="0"/><counter type="COMPLEXITY" missed="1" covered="0"/><counter type="METHOD" missed="1" covered="0"/></method><counter type="INSTRUCTION" missed="779" covered="0"/><counter type="BRANCH" missed="24" covered="0"/><counter type="LINE" missed="145" covered="0"/><counter type="COMPLEXITY" missed="35" covered="0"/><counter type="METHOD" missed="23" covered="0"/><counter type="CLASS" missed="1" covered="0"/></class><class name="particlesystem/ParticleSystem"><method name="&lt;init&gt;" desc="()V" line="37"><counter type="INSTRUCTION" missed="11" covered="0"/><counter type="LINE" missed="4" covered="0"/><counter type="COMPLEXITY" missed="1" covered="0"/><counter type="METHOD" missed="1" covered="0"/></method><method name="setGeneralRelativityFlag" desc="(Z)V" line="57"><counter type="INSTRUCTION" missed="4" covered="0"/><counter type="LINE" missed="2" covered="0"/><counter type="COMPLEXITY" missed="1" covered="0"/><counter type="METHOD" missed="1" covered="0"/></method><method name="getGeneralRelativityFlag" desc="()Z" line="66"><counter type="INSTRUCTION" missed="3" covered="0"/><counter type="LINE" missed="1" covered="0"/><counter type="COMPLEXITY" missed="1" covered="0"/><counter type="METHOD" missed="1" covered="0"/></method><method name="addParticle" desc="(Ljava/lang/String;DLutil/Vector3D;Lutil/Vector3D;)V" line="79"><counter type="INSTRUCTION" missed="14" covered="0"/><counter type="LINE" missed="3" covered="0"/><counter type="COMPLEXITY" missed="1" covered="0"/><counter type="METHOD" missed="1" covered="0"/></method><method name="addParticle" desc="(Ljava/lang/String;DDLutil/Vector3D;Lutil/Vector3D;)V" line="94"><counter type="INSTRUCTION" missed="15" covered="0"/><counter type="LINE" missed="3" covered="0"/><counter type="COMPLEXITY" missed="1" covered="0"/><counter type="METHOD" missed="1" covered="0"/></method><method name="getParticle" desc="(Ljava/lang/String;)Lparticlesystem/Particle;" line="104"><counter type="INSTRUCTION" missed="6" covered="0"/><counter type="LINE" missed="1" covered="0"/><counter type="COMPLEXITY" missed="1" covered="0"/><counter type="METHOD" missed="1" covered="0"/></method><method name="initLeapfrog" desc="(J)V" line="113"><counter type="INSTRUCTION" missed="19" covered="0"/><counter type="BRANCH" missed="2" covered="0"/><counter type="LINE" missed="5" covered="0"/><counter type="COMPLEXITY" missed="2" covered="0"/><counter type="METHOD" missed="1" covered="0"/></method><method name="advanceLeapfrog" desc="(J)V" line="126"><counter type="INSTRUCTION" missed="19" covered="0"/><counter type="BRANCH" missed="2" covered="0"/><counter type="LINE" missed="5" covered="0"/><counter type="COMPLEXITY" missed="2" covered="0"/><counter type="METHOD" missed="1" covered="0"/></method><method name="advanceRungeKutta" desc="(J)V" line="139"><counter type="INSTRUCTION" missed="73" covered="0"/><counter type="BRANCH" missed="8" covered="0"/><counter type="LINE" missed="17" covered="0"/><counter type="COMPLEXITY" missed="5" covered="0"/><counter type="METHOD" missed="1" covered="0"/></method><method name="computeAcceleration" desc="()V" line="162"><counter type="INSTRUCTION" missed="40" covered="0"/><counter type="BRANCH" missed="6" covered="0"/><counter type="LINE" missed="8" covered="0"/><counter type="COMPLEXITY" missed="4" covered="0"/><counter type="METHOD" missed="1" covered="0"/></method><method name="correctDrift" desc="()V" line="187"><counter type="INSTRUCTION" missed="76" covered="0"/><counter type="BRANCH" missed="4" covered="0"/><counter type="LINE" missed="18" covered="0"/><counter type="COMPLEXITY" missed="3" covered="0"/><counter type="METHOD" missed="1" covered="0"/></method><method name="correctDrift" desc="(Lutil/Vector3D;Lutil/Vector3D;)V" line="221"><counter type="INSTRUCTION" missed="18" covered="0"/><counter type="BRANCH" missed="2" covered="0"/><counter type="LINE" missed="4" covered="0"/><counter type="COMPLEXITY" missed="2" covered="0"/><counter type="METHOD" missed="1" covered="0"/></method><method name="computeKineticEnergy" desc="()D" line="231"><counter type="INSTRUCTION" missed="22" covered="0"/><counter type="BRANCH" missed="2" covered="0"/><counter type="LINE" missed="5" covered="0"/><counter type="COMPLEXITY" missed="2" covered="0"/><counter type="METHOD" missed="1" covered="0"/></method><method name="computePotentialEnergy" desc="()D" line="243"><counter type="INSTRUCTION" missed="22" covered="0"/><counter type="BRANCH" missed="2" covered="0"/><counter type="LINE" missed="5" covered="0"/><counter type="COMPLEXITY" missed="2" covered="0"/><counter type="METHOD" missed="1" covered="0"/></method><counter type="INSTRUCTION" missed="342" covered="0"/><counter type="BRANCH" missed="28" covered="0"/><counter type="LINE" missed="81" covered="0"/><counter type="COMPLEXITY" missed="28" covered="0"/><counter type="METHOD" missed="14" covered="0"/><counter type="CLASS" missed="1" covered="0"/></class><sourcefile name="Particle.java"><line nr="68" mi="2" ci="0" mb="0" cb="0"/><line nr="69" mi="3" ci="0" mb="0" cb="0"/><line nr="70" mi="5" ci="0" mb="0" cb="0"/><line nr="71" mi="3" ci="0" mb="0" cb="0"/><line nr="72" mi="3" ci="0" mb="0" cb="0"/><line nr="73" mi="1" ci="0" mb="0" cb="0"/><line nr="82" mi="2" ci="0" mb="0" cb="0"/><line nr="83" mi="3" ci="0" mb="0" cb="0"/><line nr="84" mi="3" ci="0" mb="0" cb="0"/><line nr="85" mi="3" ci="0" mb="0" cb="0"/><line nr="86" mi="3" ci="0" mb="0" cb="0"/><line nr="87" mi="1" ci="0" mb="0" cb="0"/><line nr="94" mi="3" ci="0" mb="0" cb="0"/><line nr="103" mi="3" ci="0" mb="0" cb="0"/><line nr="104" mi="5" ci="0" mb="0" cb="0"/><line nr="105" mi="1" ci="0" mb="0" cb="0"/><line nr="112" mi="3" ci="0" mb="0" cb="0"/><line nr="120" mi="3" ci="0" mb="0" cb="0"/><line nr="121" mi="1" ci="0" mb="0" cb="0"/><line nr="128" mi="3" ci="0" mb="0" cb="0"/><line nr="136" mi="3" ci="0" mb="0" cb="0"/><line nr="137" mi="1" ci="0" mb="0" cb="0"/><line nr="147" mi="6" ci="0" mb="0" cb="0"/><line nr="157" mi="4" ci="0" mb="0" cb="0"/><line nr="158" mi="9" ci="0" mb="0" cb="0"/><line nr="166" mi="3" ci="0" mb="0" cb="0"/><line nr="175" mi="6" ci="0" mb="0" cb="0"/><line nr="176" mi="6" ci="0" mb="0" cb="0"/><line nr="177" mi="1" ci="0" mb="0" cb="0"/><line nr="185" mi="7" ci="0" mb="0" cb="0"/><line nr="186" mi="1" ci="0" mb="0" cb="0"/><line nr="195" mi="5" ci="0" mb="0" cb="0"/><line nr="196" mi="3" ci="0" mb="0" cb="0"/><line nr="197" mi="10" ci="0" mb="2" cb="0"/><line nr="198" mi="3" ci="0" mb="2" cb="0"/><line nr="200" mi="6" ci="0" mb="0" cb="0"/><line nr="202" mi="8" ci="0" mb="0" cb="0"/><line nr="204" mi="1" ci="0" mb="0" cb="0"/><line nr="206" mi="6" ci="0" mb="0" cb="0"/><line nr="211" mi="7" ci="0" mb="0" cb="0"/><line nr="212" mi="1" ci="0" mb="0" cb="0"/><line nr="241" mi="2" ci="0" mb="0" cb="0"/><line nr="245" mi="2" ci="0" mb="0" cb="0"/><line nr="260" mi="4" ci="0" mb="0" cb="0"/><line nr="261" mi="10" ci="0" mb="2" cb="0"/><line nr="262" mi="3" ci="0" mb="2" cb="0"/><line nr="264" mi="6" ci="0" mb="0" cb="0"/><line nr="267" mi="9" ci="0" mb="0" cb="0"/><line nr="270" mi="2" ci="0" mb="0" cb="0"/><line nr="271" mi="10" ci="0" mb="2" cb="0"/><line nr="272" mi="3" ci="0" mb="2" cb="0"/><line nr="273" mi="6" ci="0" mb="0" cb="0"/><line nr="274" mi="7" ci="0" mb="0" cb="0"/><line nr="276" mi="1" ci="0" mb="0" cb="0"/><line nr="279" mi="2" ci="0" mb="0" cb="0"/><line nr="280" mi="10" ci="0" mb="2" cb="0"/><line nr="281" mi="3" ci="0" mb="2" cb="0"/><line nr="282" mi="6" ci="0" mb="0" cb="0"/><line nr="283" mi="7" ci="0" mb="0" cb="0"/><line nr="285" mi="1" ci="0" mb="0" cb="0"/><line nr="288" mi="6" ci="0" mb="0" cb="0"/><line nr="291" mi="6" ci="0" mb="0" cb="0"/><line nr="294" mi="6" ci="0" mb="0" cb="0"/><line nr="297" mi="6" ci="0" mb="0" cb="0"/><line nr="300" mi="6" ci="0" mb="0" cb="0"/><line nr="303" mi="7" ci="0" mb="0" cb="0"/><line nr="307" mi="5" ci="0" mb="0" cb="0"/><line nr="310" mi="56" ci="0" mb="0" cb="0"/><line nr="321" mi="7" ci="0" mb="0" cb="0"/><line nr="323" mi="1" ci="0" mb="0" cb="0"/><line nr="326" mi="4" ci="0" mb="0" cb="0"/><line nr="327" mi="10" ci="0" mb="2" cb="0"/><line nr="328" mi="3" ci="0" mb="2" cb="0"/><line nr="330" mi="6" ci="0" mb="0" cb="0"/><line nr="333" mi="9" ci="0" mb="0" cb="0"/><line nr="336" mi="6" ci="0" mb="0" cb="0"/><line nr="339" mi="9" ci="0" mb="0" cb="0"/><line nr="342" mi="9" ci="0" mb="0" cb="0"/><line nr="345" mi="4" ci="0" mb="0" cb="0"/><line nr="348" mi="4" ci="0" mb="0" cb="0"/><line nr="351" mi="6" ci="0" mb="0" cb="0"/><line nr="354" mi="7" ci="0" mb="0" cb="0"/><line nr="356" mi="1" ci="0" mb="0" cb="0"/><line nr="359" mi="2" ci="0" mb="0" cb="0"/><line nr="360" mi="4" ci="0" mb="0" cb="0"/><line nr="363" mi="4" ci="0" mb="0" cb="0"/><line nr="364" mi="10" ci="0" mb="2" cb="0"/><line nr="365" mi="3" ci="0" mb="2" cb="0"/><line nr="367" mi="6" ci="0" mb="0" cb="0"/><line nr="370" mi="5" ci="0" mb="0" cb="0"/><line nr="374" mi="6" ci="0" mb="0" cb="0"/><line nr="376" mi="1" ci="0" mb="0" cb="0"/><line nr="379" mi="8" ci="0" mb="0" cb="0"/><line nr="380" mi="4" ci="0" mb="0" cb="0"/><line nr="383" mi="5" ci="0" mb="0" cb="0"/><line nr="384" mi="4" ci="0" mb="0" cb="0"/><line nr="385" mi="4" ci="0" mb="0" cb="0"/><line nr="386" mi="4" ci="0" mb="0" cb="0"/><line nr="387" mi="1" ci="0" mb="0" cb="0"/><line nr="397" mi="12" ci="0" mb="0" cb="0"/><line nr="398" mi="1" ci="0" mb="0" cb="0"/><line nr="408" mi="8" ci="0" mb="0" cb="0"/><line nr="411" mi="8" ci="0" mb="0" cb="0"/><line nr="412" mi="1" ci="0" mb="0" cb="0"/><line nr="422" mi="7" ci="0" mb="0" cb="0"/><line nr="423" mi="7" ci="0" mb="0" cb="0"/><line nr="425" mi="7" ci="0" mb="0" cb="0"/><line nr="426" mi="7" ci="0" mb="0" cb="0"/><line nr="428" mi="9" ci="0" mb="0" cb="0"/><line nr="430" mi="9" ci="0" mb="0" cb="0"/><line nr="431" mi="1" ci="0" mb="0" cb="0"/><line nr="441" mi="7" ci="0" mb="0" cb="0"/><line nr="442" mi="12" ci="0" mb="0" cb="0"/><line nr="444" mi="9" ci="0" mb="0" cb="0"/><line nr="446" mi="9" ci="0" mb="0" cb="0"/><line nr="447" mi="1" ci="0" mb="0" cb="0"/><line nr="457" mi="7" ci="0" mb="0" cb="0"/><line nr="458" mi="12" ci="0" mb="0" cb="0"/><line nr="460" mi="7" ci="0" mb="0" cb="0"/><line nr="462" mi="7" ci="0" mb="0" cb="0"/><line nr="463" mi="1" ci="0" mb="0" cb="0"/><line nr="473" mi="7" ci="0" mb="0" cb="0"/><line nr="474" mi="10" ci="0" mb="0" cb="0"/><line nr="476" mi="7" ci="0" mb="0" cb="0"/><line nr="477" mi="4" ci="0" mb="0" cb="0"/><line nr="478" mi="4" ci="0" mb="0" cb="0"/><line nr="479" mi="6" ci="0" mb="0" cb="0"/><line nr="480" mi="6" ci="0" mb="0" cb="0"/><line nr="481" mi="4" ci="0" mb="0" cb="0"/><line nr="482" mi="6" ci="0" mb="0" cb="0"/><line nr="484" mi="7" ci="0" mb="0" cb="0"/><line nr="485" mi="4" ci="0" mb="0" cb="0"/><line nr="486" mi="4" ci="0" mb="0" cb="0"/><line nr="487" mi="6" ci="0" mb="0" cb="0"/><line nr="488" mi="6" ci="0" mb="0" cb="0"/><line nr="489" mi="4" ci="0" mb="0" cb="0"/><line nr="490" mi="6" ci="0" mb="0" cb="0"/><line nr="491" mi="1" ci="0" mb="0" cb="0"/><line nr="509" mi="6" ci="0" mb="0" cb="0"/><line nr="512" mi="5" ci="0" mb="0" cb="0"/><line nr="515" mi="6" ci="0" mb="0" cb="0"/><line nr="518" mi="4" ci="0" mb="0" cb="0"/><line nr="528" mi="6" ci="0" mb="0" cb="0"/><line nr="533" mi="9" ci="0" mb="0" cb="0"/><line nr="536" mi="2" ci="0" mb="0" cb="0"/><counter type="INSTRUCTION" missed="779" covered="0"/><counter type="BRANCH" missed="24" covered="0"/><counter type="LINE" missed="145" covered="0"/><counter type="COMPLEXITY" missed="35" covered="0"/><counter type="METHOD" missed="23" covered="0"/><counter type="CLASS" missed="1" covered="0"/></sourcefile><sourcefile name="ParticleSystem.java"><line nr="37" mi="3" ci="0" mb="0" cb="0"/><line nr="47" mi="2" ci="0" mb="0" cb="0"/><line nr="48" mi="5" ci="0" mb="0" cb="0"/><line nr="49" mi="1" ci="0" mb="0" cb="0"/><line nr="57" mi="3" ci="0" mb="0" cb="0"/><line nr="58" mi="1" ci="0" mb="0" cb="0"/><line nr="66" mi="3" ci="0" mb="0" cb="0"/><line nr="79" mi="7" ci="0" mb="0" cb="0"/><line nr="80" mi="6" ci="0" mb="0" cb="0"/><line nr="81" mi="1" ci="0" mb="0" cb="0"/><line nr="94" mi="8" ci="0" mb="0" cb="0"/><line nr="95" mi="6" ci="0" mb="0" cb="0"/><line nr="96" mi="1" ci="0" mb="0" cb="0"/><line nr="104" mi="6" ci="0" mb="0" cb="0"/><line nr="113" mi="2" ci="0" mb="0" cb="0"/><line nr="114" mi="12" ci="0" mb="2" cb="0"/><line nr="115" mi="3" ci="0" mb="0" cb="0"/><line nr="116" mi="1" ci="0" mb="0" cb="0"/><line nr="117" mi="1" ci="0" mb="0" cb="0"/><line nr="126" mi="2" ci="0" mb="0" cb="0"/><line nr="127" mi="12" ci="0" mb="2" cb="0"/><line nr="128" mi="3" ci="0" mb="0" cb="0"/><line nr="129" mi="1" ci="0" mb="0" cb="0"/><line nr="130" mi="1" ci="0" mb="0" cb="0"/><line nr="139" mi="2" ci="0" mb="0" cb="0"/><line nr="140" mi="12" ci="0" mb="2" cb="0"/><line nr="141" mi="3" ci="0" mb="0" cb="0"/><line nr="142" mi="1" ci="0" mb="0" cb="0"/><line nr="143" mi="2" ci="0" mb="0" cb="0"/><line nr="144" mi="12" ci="0" mb="2" cb="0"/><line nr="145" mi="3" ci="0" mb="0" cb="0"/><line nr="146" mi="1" ci="0" mb="0" cb="0"/><line nr="147" mi="2" ci="0" mb="0" cb="0"/><line nr="148" mi="12" ci="0" mb="2" cb="0"/><line nr="149" mi="3" ci="0" mb="0" cb="0"/><line nr="150" mi="1" ci="0" mb="0" cb="0"/><line nr="151" mi="2" ci="0" mb="0" cb="0"/><line nr="152" mi="12" ci="0" mb="2" cb="0"/><line nr="153" mi="3" ci="0" mb="0" cb="0"/><line nr="154" mi="1" ci="0" mb="0" cb="0"/><line nr="155" mi="1" ci="0" mb="0" cb="0"/><line nr="162" mi="12" ci="0" mb="2" cb="0"/><line nr="163" mi="5" ci="0" mb="0" cb="0"/><line nr="164" mi="1" ci="0" mb="0" cb="0"/><line nr="166" mi="3" ci="0" mb="2" cb="0"/><line nr="169" mi="12" ci="0" mb="2" cb="0"/><line nr="170" mi="5" ci="0" mb="0" cb="0"/><line nr="171" mi="1" ci="0" mb="0" cb="0"/><line nr="173" mi="1" ci="0" mb="0" cb="0"/><line nr="187" mi="4" ci="0" mb="0" cb="0"/><line nr="188" mi="2" ci="0" mb="2" cb="0"/><line nr="190" mi="3" ci="0" mb="0" cb="0"/><line nr="191" mi="3" ci="0" mb="0" cb="0"/><line nr="194" mi="4" ci="0" mb="0" cb="0"/><line nr="195" mi="1" ci="0" mb="0" cb="0"/><line nr="198" mi="4" ci="0" mb="0" cb="0"/><line nr="199" mi="4" ci="0" mb="0" cb="0"/><line nr="200" mi="2" ci="0" mb="0" cb="0"/><line nr="201" mi="12" ci="0" mb="2" cb="0"/><line nr="202" mi="7" ci="0" mb="0" cb="0"/><line nr="203" mi="7" ci="0" mb="0" cb="0"/><line nr="204" mi="5" ci="0" mb="0" cb="0"/><line nr="205" mi="1" ci="0" mb="0" cb="0"/><line nr="206" mi="6" ci="0" mb="0" cb="0"/><line nr="207" mi="6" ci="0" mb="0" cb="0"/><line nr="210" mi="4" ci="0" mb="0" cb="0"/><line nr="212" mi="1" ci="0" mb="0" cb="0"/><line nr="221" mi="12" ci="0" mb="2" cb="0"/><line nr="222" mi="4" ci="0" mb="0" cb="0"/><line nr="223" mi="1" ci="0" mb="0" cb="0"/><line nr="224" mi="1" ci="0" mb="0" cb="0"/><line nr="231" mi="2" ci="0" mb="0" cb="0"/><line nr="232" mi="12" ci="0" mb="2" cb="0"/><line nr="233" mi="5" ci="0" mb="0" cb="0"/><line nr="234" mi="1" ci="0" mb="0" cb="0"/><line nr="235" mi="2" ci="0" mb="0" cb="0"/><line nr="243" mi="2" ci="0" mb="0" cb="0"/><line nr="244" mi="12" ci="0" mb="2" cb="0"/><line nr="245" mi="5" ci="0" mb="0" cb="0"/><line nr="246" mi="1" ci="0" mb="0" cb="0"/><line nr="247" mi="2" ci="0" mb="0" cb="0"/><counter type="INSTRUCTION" missed="342" covered="0"/><counter type="BRANCH" missed="28" covered="0"/><counter type="LINE" missed="81" covered="0"/><counter type="COMPLEXITY" missed="28" covered="0"/><counter type="METHOD" missed="14" covered="0"/><counter type="CLASS" missed="1" covered="0"/></sourcefile><counter type="INSTRUCTION" missed="1121" covered="0"/><counter type="BRANCH" missed="52" covered="0"/><counter type="LINE" missed="226" covered="0"/><counter type="COMPLEXITY" missed="63" covered="0"/><counter type="METHOD" missed="37" covered="0"/><counter type="CLASS" missed="2" covered="0"/></package><package name="util"><class name="util/Vector3D"><method name="&lt;init&gt;" desc="()V" line="41"><counter type="INSTRUCTION" missed="0" covered="12"/><counter type="LINE" missed="0" covered="5"/><counter type="COMPLEXITY" missed="0" covered="1"/><counter type="METHOD" missed="0" covered="1"/></method><method name="&lt;init&gt;" desc="(DDD)V" line="54"><counter type="INSTRUCTION" missed="0" covered="12"/><counter type="LINE" missed="0" covered="5"/><counter type="COMPLEXITY" missed="0" covered="1"/><counter type="METHOD" missed="0" covered="1"/></method><method name="&lt;init&gt;" desc="(Lutil/Vector3D;)V" line="65"><counter type="INSTRUCTION" missed="0" covered="15"/><counter type="LINE" missed="0" covered="5"/><counter type="COMPLEXITY" missed="0" covered="1"/><counter type="METHOD" missed="0" covered="1"/></method><method name="getX" desc="()D" line="76"><counter type="INSTRUCTION" missed="0" covered="3"/><counter type="LINE" missed="0" covered="1"/><counter type="COMPLEXITY" missed="0" covered="1"/><counter type="METHOD" missed="0" covered="1"/></method><method name="getY" desc="()D" line="84"><counter type="INSTRUCTION" missed="0" covered="3"/><counter type="LINE" missed="0" covered="1"/><counter type="COMPLEXITY" missed="0" covered="1"/><counter type="METHOD" missed="0" covered="1"/></method><method name="getZ" desc="()D" line="92"><counter type="INSTRUCTION" missed="0" covered="3"/><counter type="LINE" missed="0" covered="1"/><counter type="COMPLEXITY" missed="0" covered="1"/><counter type="METHOD" missed="0" covered="1"/></method><method name="normalize" desc="()Lutil/Vector3D;" line="100"><counter type="INSTRUCTION" missed="0" covered="30"/><counter type="BRANCH" missed="0" covered="2"/><counter type="LINE" missed="0" covered="5"/><counter type="COMPLEXITY" missed="0" covered="2"/><counter type="METHOD" missed="0" covered="1"/></method><method name="direction" desc="(Lutil/Vector3D;)Lutil/Vector3D;" line="114"><counter type="INSTRUCTION" missed="0" covered="22"/><counter type="LINE" missed="0" covered="2"/><counter type="COMPLEXITY" missed="0" covered="1"/><counter type="METHOD" missed="0" covered="1"/></method><method name="magnitude" desc="()D" line="123"><counter type="INSTRUCTION" missed="0" covered="19"/><counter type="LINE" missed="0" covered="1"/><counter type="COMPLEXITY" missed="0" covered="1"/><counter type="METHOD" missed="0" covered="1"/></method><method name="magnitudeSquare" desc="()D" line="131"><counter type="INSTRUCTION" missed="0" covered="18"/><counter type="LINE" missed="0" covered="1"/><counter type="COMPLEXITY" missed="0" covered="1"/><counter type="METHOD" missed="0" covered="1"/></method><method name="euclideanDistance" desc="(Lutil/Vector3D;)D" line="140"><counter type="INSTRUCTION" missed="0" covered="31"/><counter type="LINE" missed="0" covered="4"/><counter type="COMPLEXITY" missed="0" covered="1"/><counter type="METHOD" missed="0" covered="1"/></method><method name="euclideanDistanceSquare" desc="(Lutil/Vector3D;)D" line="152"><counter type="INSTRUCTION" missed="0" covered="30"/><counter type="LINE" missed="0" covered="4"/><counter type="COMPLEXITY" missed="0" covered="1"/><counter type="METHOD" missed="0" covered="1"/></method><method name="plus" desc="(Lutil/Vector3D;)Lutil/Vector3D;" line="164"><counter type="INSTRUCTION" missed="0" covered="19"/><counter type="LINE" missed="0" covered="1"/><counter type="COMPLEXITY" missed="0" covered="1"/><counter type="METHOD" missed="0" covered="1"/></method><method name="minus" desc="(Lutil/Vector3D;)Lutil/Vector3D;" line="174"><counter type="INSTRUCTION" missed="0" covered="19"/><counter type="LINE" missed="0" covered="1"/><counter type="COMPLEXITY" missed="0" covered="1"/><counter type="METHOD" missed="0" covered="1"/></method><method name="scalarProduct" desc="(D)Lutil/Vector3D;" line="184"><counter type="INSTRUCTION" missed="0" covered="16"/><counter type="LINE" missed="0" covered="1"/><counter type="COMPLEXITY" missed="0" covered="1"/><counter type="METHOD" missed="0" covered="1"/></method><method name="dotProduct" desc="(Lutil/Vector3D;)D" line="194"><counter type="INSTRUCTION" missed="0" covered="18"/><counter type="LINE" missed="0" covered="1"/><counter type="COMPLEXITY" missed="0" covered="1"/><counter type="METHOD" missed="0" covered="1"/></method><method name="crossProduct" desc="(Lutil/Vector3D;)Lutil/Vector3D;" line="204"><counter type="INSTRUCTION" missed="0" covered="43"/><counter type="LINE" missed="0" covered="4"/><counter type="COMPLEXITY" missed="0" covered="1"/><counter type="METHOD" missed="0" covered="1"/></method><method name="rotateXdeg" desc="(D)Lutil/Vector3D;" line="217"><counter type="INSTRUCTION" missed="0" covered="36"/><counter type="LINE" missed="0" covered="5"/><counter type="COMPLEXITY" missed="0" covered="1"/><counter type="METHOD" missed="0" covered="1"/></method><method name="rotateYdeg" desc="(D)Lutil/Vector3D;" line="231"><counter type="INSTRUCTION" missed="0" covered="37"/><counter type="LINE" missed="0" covered="5"/><counter type="COMPLEXITY" missed="0" covered="1"/><counter type="METHOD" missed="0" covered="1"/></method><method name="rotateZdeg" desc="(D)Lutil/Vector3D;" line="245"><counter type="INSTRUCTION" missed="0" covered="36"/><counter type="LINE" missed="0" covered="5"/><counter type="COMPLEXITY" missed="0" covered="1"/><counter type="METHOD" missed="0" covered="1"/></method><method name="rotateXrad" desc="(D)Lutil/Vector3D;" line="259"><counter type="INSTRUCTION" missed="0" covered="32"/><counter type="LINE" missed="0" covered="5"/><counter type="COMPLEXITY" missed="0" covered="1"/><counter type="METHOD" missed="0" covered="1"/></method><method name="rotateYrad" desc="(D)Lutil/Vector3D;" line="273"><counter type="INSTRUCTION" missed="0" covered="33"/><counter type="LINE" missed="0" covered="5"/><counter type="COMPLEXITY" missed="0" covered="1"/><counter type="METHOD" missed="0" covered="1"/></method><method name="rotateZrad" desc="(D)Lutil/Vector3D;" line="287"><counter type="INSTRUCTION" missed="0" covered="32"/><counter type="LINE" missed="0" covered="5"/><counter type="COMPLEXITY" missed="0" covered="1"/><counter type="METHOD" missed="0" covered="1"/></method><method name="addVector" desc="(Lutil/Vector3D;)V" line="300"><counter type="INSTRUCTION" missed="0" covered="22"/><counter type="LINE" missed="0" covered="4"/><counter type="COMPLEXITY" missed="0" covered="1"/><counter type="METHOD" missed="0" covered="1"/></method><method name="toString" desc="()Ljava/lang/String;" line="307"><counter type="INSTRUCTION" missed="0" covered="22"/><counter type="LINE" missed="0" covered="1"/><counter type="COMPLEXITY" missed="0" covered="1"/><counter type="METHOD" missed="0" covered="1"/></method><counter type="INSTRUCTION" missed="0" covered="563"/><counter type="BRANCH" missed="0" covered="2"/><counter type="LINE" missed="0" covered="78"/><counter type="COMPLEXITY" missed="0" covered="26"/><counter type="METHOD" missed="0" covered="25"/><counter type="CLASS" missed="0" covered="1"/></class><sourcefile name="Vector3D.java"><line nr="41" mi="0" ci="2" mb="0" cb="0"/><line nr="42" mi="0" ci="3" mb="0" cb="0"/><line nr="43" mi="0" ci="3" mb="0" cb="0"/><line nr="44" mi="0" ci="3" mb="0" cb="0"/><line nr="45" mi="0" ci="1" mb="0" cb="0"/><line nr="54" mi="0" ci="2" mb="0" cb="0"/><line nr="55" mi="0" ci="3" mb="0" cb="0"/><line nr="56" mi="0" ci="3" mb="0" cb="0"/><line nr="57" mi="0" ci="3" mb="0" cb="0"/><line nr="58" mi="0" ci="1" mb="0" cb="0"/><line nr="65" mi="0" ci="2" mb="0" cb="0"/><line nr="66" mi="0" ci="4" mb="0" cb="0"/><line nr="67" mi="0" ci="4" mb="0" cb="0"/><line nr="68" mi="0" ci="4" mb="0" cb="0"/><line nr="69" mi="0" ci="1" mb="0" cb="0"/><line nr="76" mi="0" ci="3" mb="0" cb="0"/><line nr="84" mi="0" ci="3" mb="0" cb="0"/><line nr="92" mi="0" ci="3" mb="0" cb="0"/><line nr="100" mi="0" ci="3" mb="0" cb="0"/><line nr="101" mi="0" ci="4" mb="0" cb="0"/><line nr="102" mi="0" ci="5" mb="0" cb="2"/><line nr="103" mi="0" ci="16" mb="0" cb="0"/><line nr="105" mi="0" ci="2" mb="0" cb="0"/><line nr="114" mi="0" ci="19" mb="0" cb="0"/><line nr="115" mi="0" ci="3" mb="0" cb="0"/><line nr="123" mi="0" ci="19" mb="0" cb="0"/><line nr="131" mi="0" ci="18" mb="0" cb="0"/><line nr="140" mi="0" ci="6" mb="0" cb="0"/><line nr="141" mi="0" ci="6" mb="0" cb="0"/><line nr="142" mi="0" ci="6" mb="0" cb="0"/><line nr="143" mi="0" ci="13" mb="0" cb="0"/><line nr="152" mi="0" ci="6" mb="0" cb="0"/><line nr="153" mi="0" ci="6" mb="0" cb="0"/><line nr="154" mi="0" ci="6" mb="0" cb="0"/><line nr="155" mi="0" ci="12" mb="0" cb="0"/><line nr="164" mi="0" ci="19" mb="0" cb="0"/><line nr="174" mi="0" ci="19" mb="0" cb="0"/><line nr="184" mi="0" ci="16" mb="0" cb="0"/><line nr="194" mi="0" ci="18" mb="0" cb="0"/><line nr="204" mi="0" ci="12" mb="0" cb="0"/><line nr="205" mi="0" ci="12" mb="0" cb="0"/><line nr="206" mi="0" ci="12" mb="0" cb="0"/><line nr="207" mi="0" ci="7" mb="0" cb="0"/><line nr="217" mi="0" ci="9" mb="0" cb="0"/><line nr="218" mi="0" ci="5" mb="0" cb="0"/><line nr="219" mi="0" ci="9" mb="0" cb="0"/><line nr="220" mi="0" ci="5" mb="0" cb="0"/><line nr="221" mi="0" ci="8" mb="0" cb="0"/><line nr="231" mi="0" ci="9" mb="0" cb="0"/><line nr="232" mi="0" ci="5" mb="0" cb="0"/><line nr="233" mi="0" ci="10" mb="0" cb="0"/><line nr="234" mi="0" ci="5" mb="0" cb="0"/><line nr="235" mi="0" ci="8" mb="0" cb="0"/><line nr="245" mi="0" ci="9" mb="0" cb="0"/><line nr="246" mi="0" ci="5" mb="0" cb="0"/><line nr="247" mi="0" ci="9" mb="0" cb="0"/><line nr="248" mi="0" ci="5" mb="0" cb="0"/><line nr="249" mi="0" ci="8" mb="0" cb="0"/><line nr="259" mi="0" ci="8" mb="0" cb="0"/><line nr="260" mi="0" ci="4" mb="0" cb="0"/><line nr="261" mi="0" ci="8" mb="0" cb="0"/><line nr="262" mi="0" ci="4" mb="0" cb="0"/><line nr="263" mi="0" ci="8" mb="0" cb="0"/><line nr="273" mi="0" ci="8" mb="0" cb="0"/><line nr="274" mi="0" ci="4" mb="0" cb="0"/><line nr="275" mi="0" ci="9" mb="0" cb="0"/><line nr="276" mi="0" ci="4" mb="0" cb="0"/><line nr="277" mi="0" ci="8" mb="0" cb="0"/><line nr="287" mi="0" ci="8" mb="0" cb="0"/><line nr="288" mi="0" ci="4" mb="0" cb="0"/><line nr="289" mi="0" ci="8" mb="0" cb="0"/><line nr="290" mi="0" ci="4" mb="0" cb="0"/><line nr="291" mi="0" ci="8" mb="0" cb="0"/><line nr="300" mi="0" ci="7" mb="0" cb="0"/><line nr="301" mi="0" ci="7" mb="0" cb="0"/><line nr="302" mi="0" ci="7" mb="0" cb="0"/><line nr="303" mi="0" ci="1" mb="0" cb="0"/><line nr="307" mi="0" ci="22" mb="0" cb="0"/><counter type="INSTRUCTION" missed="0" covered="563"/><counter type="BRANCH" missed="0" covered="2"/><counter type="LINE" missed="0" covered="78"/><counter type="COMPLEXITY" missed="0" covered="26"/><counter type="METHOD" missed="0" covered="25"/><counter type="CLASS" missed="0" covered="1"/></sourcefile><counter type="INSTRUCTION" missed="0" covered="563"/><counter type="BRANCH" missed="0" covered="2"/><counter type="LINE" missed="0" covered="78"/><counter type="COMPLEXITY" missed="0" covered="26"/><counter type="METHOD" missed="0" covered="25"/><counter type="CLASS" missed="0" covered="1"/></package><package name="experiments"><class name="experiments/CreateSolarSystemStateFiles"><method name="&lt;init&gt;" desc="()V" line="39"><counter type="INSTRUCTION" missed="59" covered="0"/><counter type="LINE" missed="13" covered="0"/><counter type="COMPLEXITY" missed="1" covered="0"/><counter type="METHOD" missed="1" covered="0"/></method><method name="createStateFiles" desc="()V" line="101"><counter type="INSTRUCTION" missed="43" covered="0"/><counter type="BRANCH" missed="4" covered="0"/><counter type="LINE" missed="12" covered="0"/><counter type="COMPLEXITY" missed="3" covered="0"/><counter type="METHOD" missed="1" covered="0"/></method><method name="saveStateFile" desc="(Ljava/util/GregorianCalendar;)V" line="134"><counter type="INSTRUCTION" missed="45" covered="0"/><counter type="LINE" missed="8" covered="0"/><counter type="COMPLEXITY" missed="1" covered="0"/><counter type="METHOD" missed="1" covered="0"/></method><method name="calendarToString" desc="(Ljava/util/GregorianCalendar;)Ljava/lang/String;" line="151"><counter type="INSTRUCTION" missed="116" covered="0"/><counter type="BRANCH" missed="2" covered="0"/><counter type="LINE" missed="17" covered="0"/><counter type="COMPLEXITY" missed="2" covered="0"/><counter type="METHOD" missed="1" covered="0"/></method><method name="main" desc="([Ljava/lang/String;)V" line="183"><counter type="INSTRUCTION" missed="7" covered="0"/><counter type="LINE" missed="3" covered="0"/><counter type="COMPLEXITY" missed="1" covered="0"/><counter type="METHOD" missed="1" covered="0"/></method><counter type="INSTRUCTION" missed="270" covered="0"/><counter type="BRANCH" missed="6" covered="0"/><counter type="LINE" missed="53" covered="0"/><counter type="COMPLEXITY" missed="8" covered="0"/><counter type="METHOD" missed="5" covered="0"/><counter type="CLASS" missed="1" covered="0"/></class><class name="experiments/SimulationAccuracyExperiment"><method name="&lt;init&gt;" desc="()V" line="69"><counter type="INSTRUCTION" missed="64" covered="0"/><counter type="LINE" missed="15" covered="0"/><counter type="COMPLEXITY" missed="1" covered="0"/><counter type="METHOD" missed="1" covered="0"/></method><method name="initSimulation" desc="()V" line="97"><counter type="INSTRUCTION" missed="85" covered="0"/><counter type="BRANCH" missed="4" covered="0"/><counter type="LINE" missed="16" covered="0"/><counter type="COMPLEXITY" missed="3" covered="0"/><counter type="METHOD" missed="1" covered="0"/></method><method name="runSimulation" desc="(I)V" line="136"><counter type="INSTRUCTION" missed="56" covered="0"/><counter type="BRANCH" missed="4" covered="0"/><counter type="LINE" missed="16" covered="0"/><counter type="COMPLEXITY" missed="3" covered="0"/><counter type="METHOD" missed="1" covered="0"/></method><method name="simulateNewtonMechanics" desc="(I)V" line="172"><counter type="INSTRUCTION" missed="22" covered="0"/><counter type="LINE" missed="5" covered="0"/><counter type="COMPLEXITY" missed="1" covered="0"/><counter type="METHOD" missed="1" covered="0"/></method><method name="simulateGeneralRelativity" desc="(I)V" line="190"><counter type="INSTRUCTION" missed="22" covered="0"/><counter type="LINE" missed="5" covered="0"/><counter type="COMPLEXITY" missed="1" covered="0"/><counter type="METHOD" missed="1" covered="0"/></method><method name="checkPosition" desc="(Ljava/util/GregorianCalendar;I)V" line="210"><counter type="INSTRUCTION" missed="118" covered="0"/><counter type="BRANCH" missed="6" covered="0"/><counter type="LINE" missed="19" covered="0"/><counter type="COMPLEXITY" missed="4" covered="0"/><counter type="METHOD" missed="1" covered="0"/></method><method name="createBody" desc="(Ljava/lang/String;Ljava/util/GregorianCalendar;)V" line="258"><counter type="INSTRUCTION" missed="29" covered="0"/><counter type="LINE" missed="6" covered="0"/><counter type="COMPLEXITY" missed="1" covered="0"/><counter type="METHOD" missed="1" covered="0"/></method><method name="main" desc="([Ljava/lang/String;)V" line="282"><counter type="INSTRUCTION" missed="11" covered="0"/><counter type="LINE" missed="4" covered="0"/><counter type="COMPLEXITY" missed="1" covered="0"/><counter type="METHOD" missed="1" covered="0"/></method><counter type="INSTRUCTION" missed="407" covered="0"/><counter type="BRANCH" missed="14" covered="0"/><counter type="LINE" missed="86" covered="0"/><counter type="COMPLEXITY" missed="15" covered="0"/><counter type="METHOD" missed="8" covered="0"/><counter type="CLASS" missed="1" covered="0"/></class><class name="experiments/FlorenceEarthExperiment"><method name="&lt;init&gt;" desc="()V" line="61"><counter type="INSTRUCTION" missed="46" covered="0"/><counter type="LINE" missed="10" covered="0"/><counter type="COMPLEXITY" missed="1" covered="0"/><counter type="METHOD" missed="1" covered="0"/></method><method name="simulateFlorenceEarthPassage" desc="()V" line="98"><counter type="INSTRUCTION" missed="146" covered="0"/><counter type="BRANCH" missed="6" covered="0"/><counter type="LINE" missed="27" covered="0"/><counter type="COMPLEXITY" missed="4" covered="0"/><counter type="METHOD" missed="1" covered="0"/></method><method name="computeFlorenceEarthPassage" desc="()V" line="166"><counter type="INSTRUCTION" missed="103" covered="0"/><counter type="BRANCH" missed="4" covered="0"/><counter type="LINE" missed="20" covered="0"/><counter type="COMPLEXITY" missed="3" covered="0"/><counter type="METHOD" missed="1" covered="0"/></method><method name="calendarToString" desc="(Ljava/util/GregorianCalendar;)Ljava/lang/String;" line="218"><counter type="INSTRUCTION" missed="130" covered="0"/><counter type="BRANCH" missed="2" covered="0"/><counter type="LINE" missed="20" covered="0"/><counter type="COMPLEXITY" missed="2" covered="0"/><counter type="METHOD" missed="1" covered="0"/></method><method name="main" desc="([Ljava/lang/String;)V" line="255"><counter type="INSTRUCTION" missed="9" covered="0"/><counter type="LINE" missed="4" covered="0"/><counter type="COMPLEXITY" missed="1" covered="0"/><counter type="METHOD" missed="1" covered="0"/></method><counter type="INSTRUCTION" missed="434" covered="0"/><counter type="BRANCH" missed="12" covered="0"/><counter type="LINE" missed="81" covered="0"/><counter type="COMPLEXITY" missed="11" covered="0"/><counter type="METHOD" missed="5" covered="0"/><counter type="CLASS" missed="1" covered="0"/></class><sourcefile name="CreateSolarSystemStateFiles.java"><line nr="39" mi="3" ci="0" mb="0" cb="0"/><line nr="60" mi="2" ci="0" mb="0" cb="0"/><line nr="62" mi="5" ci="0" mb="0" cb="0"/><line nr="68" mi="5" ci="0" mb="0" cb="0"/><line nr="72" mi="8" ci="0" mb="0" cb="0"/><line nr="75" mi="5" ci="0" mb="0" cb="0"/><line nr="76" mi="5" ci="0" mb="0" cb="0"/><line nr="77" mi="8" ci="0" mb="0" cb="0"/><line nr="80" mi="7" ci="0" mb="0" cb="0"/><line nr="86" mi="4" ci="0" mb="0" cb="0"/><line nr="89" mi="3" ci="0" mb="0" cb="0"/><line nr="92" mi="3" ci="0" mb="0" cb="0"/><line nr="93" mi="1" ci="0" mb="0" cb="0"/><line nr="101" mi="4" ci="0" mb="0" cb="0"/><line nr="104" mi="3" ci="0" mb="0" cb="0"/><line nr="107" mi="4" ci="0" mb="0" cb="0"/><line nr="110" mi="5" ci="0" mb="2" cb="0"/><line nr="112" mi="4" ci="0" mb="0" cb="0"/><line nr="115" mi="4" ci="0" mb="0" cb="0"/><line nr="118" mi="4" ci="0" mb="0" cb="0"/><line nr="119" mi="6" ci="0" mb="2" cb="0"/><line nr="121" mi="3" ci="0" mb="0" cb="0"/><line nr="124" mi="4" ci="0" mb="0" cb="0"/><line nr="126" mi="1" ci="0" mb="0" cb="0"/><line nr="127" mi="1" ci="0" mb="0" cb="0"/><line nr="134" mi="11" ci="0" mb="0" cb="0"/><line nr="135" mi="7" ci="0" mb="0" cb="0"/><line nr="137" mi="10" ci="0" mb="0" cb="0"/><line nr="138" mi="4" ci="0" mb="0" cb="0"/><line nr="139" mi="1" ci="0" mb="0" cb="0"/><line nr="140" mi="10" ci="0" mb="0" cb="0"/><line nr="141" mi="1" ci="0" mb="0" cb="0"/><line nr="142" mi="1" ci="0" mb="0" cb="0"/><line nr="151" mi="4" ci="0" mb="0" cb="0"/><line nr="152" mi="4" ci="0" mb="0" cb="0"/><line nr="153" mi="4" ci="0" mb="0" cb="0"/><line nr="154" mi="4" ci="0" mb="0" cb="0"/><line nr="155" mi="4" ci="0" mb="0" cb="0"/><line nr="156" mi="4" ci="0" mb="0" cb="0"/><line nr="159" mi="4" ci="0" mb="0" cb="0"/><line nr="160" mi="2" ci="0" mb="2" cb="0"/><line nr="161" mi="5" ci="0" mb="0" cb="0"/><line nr="164" mi="4" ci="0" mb="0" cb="0"/><line nr="166" mi="4" ci="0" mb="0" cb="0"/><line nr="167" mi="14" ci="0" mb="0" cb="0"/><line nr="168" mi="16" ci="0" mb="0" cb="0"/><line nr="169" mi="14" ci="0" mb="0" cb="0"/><line nr="170" mi="14" ci="0" mb="0" cb="0"/><line nr="171" mi="12" ci="0" mb="0" cb="0"/><line nr="173" mi="3" ci="0" mb="0" cb="0"/><line nr="183" mi="4" ci="0" mb="0" cb="0"/><line nr="186" mi="2" ci="0" mb="0" cb="0"/><line nr="187" mi="1" ci="0" mb="0" cb="0"/><counter type="INSTRUCTION" missed="270" covered="0"/><counter type="BRANCH" missed="6" covered="0"/><counter type="LINE" missed="53" covered="0"/><counter type="COMPLEXITY" missed="8" covered="0"/><counter type="METHOD" missed="5" covered="0"/><counter type="CLASS" missed="1" covered="0"/></sourcefile><sourcefile name="FlorenceEarthExperiment.java"><line nr="61" mi="2" ci="0" mb="0" cb="0"/><line nr="63" mi="3" ci="0" mb="0" cb="0"/><line nr="67" mi="8" ci="0" mb="0" cb="0"/><line nr="73" mi="5" ci="0" mb="0" cb="0"/><line nr="76" mi="8" ci="0" mb="0" cb="0"/><line nr="77" mi="5" ci="0" mb="0" cb="0"/><line nr="80" mi="7" ci="0" mb="0" cb="0"/><line nr="86" mi="4" ci="0" mb="0" cb="0"/><line nr="90" mi="3" ci="0" mb="0" cb="0"/><line nr="91" mi="1" ci="0" mb="0" cb="0"/><line nr="98" mi="5" ci="0" mb="0" cb="0"/><line nr="101" mi="5" ci="0" mb="0" cb="0"/><line nr="104" mi="2" ci="0" mb="0" cb="0"/><line nr="107" mi="5" ci="0" mb="0" cb="0"/><line nr="111" mi="5" ci="0" mb="0" cb="0"/><line nr="112" mi="4" ci="0" mb="0" cb="0"/><line nr="115" mi="5" ci="0" mb="2" cb="0"/><line nr="117" mi="5" ci="0" mb="0" cb="0"/><line nr="120" mi="3" ci="0" mb="0" cb="0"/><line nr="123" mi="6" ci="0" mb="0" cb="0"/><line nr="126" mi="3" ci="0" mb="0" cb="0"/><line nr="129" mi="3" ci="0" mb="0" cb="0"/><line nr="132" mi="4" ci="0" mb="0" cb="0"/><line nr="135" mi="4" ci="0" mb="2" cb="0"/><line nr="136" mi="2" ci="0" mb="0" cb="0"/><line nr="137" mi="4" ci="0" mb="0" cb="0"/><line nr="139" mi="1" ci="0" mb="0" cb="0"/><line nr="143" mi="2" ci="0" mb="0" cb="0"/><line nr="146" mi="3" ci="0" mb="0" cb="0"/><line nr="147" mi="4" ci="0" mb="2" cb="0"/><line nr="148" mi="14" ci="0" mb="0" cb="0"/><line nr="151" mi="13" ci="0" mb="0" cb="0"/><line nr="153" mi="14" ci="0" mb="0" cb="0"/><line nr="154" mi="3" ci="0" mb="0" cb="0"/><line nr="155" mi="14" ci="0" mb="0" cb="0"/><line nr="156" mi="12" ci="0" mb="0" cb="0"/><line nr="157" mi="1" ci="0" mb="0" cb="0"/><line nr="166" mi="2" ci="0" mb="0" cb="0"/><line nr="169" mi="5" ci="0" mb="0" cb="0"/><line nr="173" mi="5" ci="0" mb="0" cb="0"/><line nr="174" mi="4" ci="0" mb="0" cb="0"/><line nr="177" mi="5" ci="0" mb="2" cb="0"/><line nr="180" mi="6" ci="0" mb="0" cb="0"/><line nr="183" mi="6" ci="0" mb="0" cb="0"/><line nr="186" mi="6" ci="0" mb="0" cb="0"/><line nr="189" mi="4" ci="0" mb="0" cb="0"/><line nr="192" mi="4" ci="0" mb="2" cb="0"/><line nr="193" mi="2" ci="0" mb="0" cb="0"/><line nr="194" mi="4" ci="0" mb="0" cb="0"/><line nr="196" mi="1" ci="0" mb="0" cb="0"/><line nr="200" mi="2" ci="0" mb="0" cb="0"/><line nr="203" mi="3" ci="0" mb="0" cb="0"/><line nr="204" mi="14" ci="0" mb="0" cb="0"/><line nr="205" mi="3" ci="0" mb="0" cb="0"/><line nr="206" mi="14" ci="0" mb="0" cb="0"/><line nr="207" mi="12" ci="0" mb="0" cb="0"/><line nr="208" mi="1" ci="0" mb="0" cb="0"/><line nr="218" mi="4" ci="0" mb="0" cb="0"/><line nr="219" mi="4" ci="0" mb="0" cb="0"/><line nr="220" mi="4" ci="0" mb="0" cb="0"/><line nr="221" mi="4" ci="0" mb="0" cb="0"/><line nr="222" mi="4" ci="0" mb="0" cb="0"/><line nr="223" mi="4" ci="0" mb="0" cb="0"/><line nr="226" mi="4" ci="0" mb="0" cb="0"/><line nr="227" mi="2" ci="0" mb="2" cb="0"/><line nr="228" mi="5" ci="0" mb="0" cb="0"/><line nr="231" mi="4" ci="0" mb="0" cb="0"/><line nr="233" mi="4" ci="0" mb="0" cb="0"/><line nr="234" mi="14" ci="0" mb="0" cb="0"/><line nr="235" mi="16" ci="0" mb="0" cb="0"/><line nr="236" mi="14" ci="0" mb="0" cb="0"/><line nr="237" mi="14" ci="0" mb="0" cb="0"/><line nr="238" mi="12" ci="0" mb="0" cb="0"/><line nr="241" mi="4" ci="0" mb="0" cb="0"/><line nr="242" mi="6" ci="0" mb="0" cb="0"/><line nr="243" mi="4" ci="0" mb="0" cb="0"/><line nr="245" mi="3" ci="0" mb="0" cb="0"/><line nr="255" mi="4" ci="0" mb="0" cb="0"/><line nr="258" mi="2" ci="0" mb="0" cb="0"/><line nr="261" mi="2" ci="0" mb="0" cb="0"/><line nr="262" mi="1" ci="0" mb="0" cb="0"/><counter type="INSTRUCTION" missed="434" covered="0"/><counter type="BRANCH" missed="12" covered="0"/><counter type="LINE" missed="81" covered="0"/><counter type="COMPLEXITY" missed="11" covered="0"/><counter type="METHOD" missed="5" covered="0"/><counter type="CLASS" missed="1" covered="0"/></sourcefile><sourcefile name="SimulationAccuracyExperiment.java"><line nr="69" mi="2" ci="0" mb="0" cb="0"/><line nr="71" mi="3" ci="0" mb="0" cb="0"/><line nr="74" mi="5" ci="0" mb="0" cb="0"/><line nr="75" mi="5" ci="0" mb="0" cb="0"/><line nr="76" mi="5" ci="0" mb="0" cb="0"/><line nr="77" mi="5" ci="0" mb="0" cb="0"/><line nr="78" mi="5" ci="0" mb="0" cb="0"/><line nr="79" mi="5" ci="0" mb="0" cb="0"/><line nr="80" mi="5" ci="0" mb="0" cb="0"/><line nr="81" mi="5" ci="0" mb="0" cb="0"/><line nr="82" mi="5" ci="0" mb="0" cb="0"/><line nr="83" mi="5" ci="0" mb="0" cb="0"/><line nr="84" mi="5" ci="0" mb="0" cb="0"/><line nr="87" mi="3" ci="0" mb="0" cb="0"/><line nr="88" mi="1" ci="0" mb="0" cb="0"/><line nr="97" mi="8" ci="0" mb="0" cb="0"/><line nr="103" mi="5" ci="0" mb="0" cb="0"/><line nr="106" mi="5" ci="0" mb="0" cb="0"/><line nr="107" mi="11" ci="0" mb="2" cb="0"/><line nr="108" mi="8" ci="0" mb="0" cb="0"/><line nr="109" mi="1" ci="0" mb="0" cb="0"/><line nr="112" mi="5" ci="0" mb="0" cb="0"/><line nr="115" mi="4" ci="0" mb="0" cb="0"/><line nr="116" mi="4" ci="0" mb="0" cb="0"/><line nr="117" mi="4" ci="0" mb="0" cb="0"/><line nr="118" mi="4" ci="0" mb="0" cb="0"/><line nr="119" mi="8" ci="0" mb="0" cb="0"/><line nr="122" mi="11" ci="0" mb="2" cb="0"/><line nr="123" mi="5" ci="0" mb="0" cb="0"/><line nr="124" mi="1" ci="0" mb="0" cb="0"/><line nr="125" mi="1" ci="0" mb="0" cb="0"/><line nr="136" mi="5" ci="0" mb="0" cb="0"/><line nr="137" mi="4" ci="0" mb="0" cb="0"/><line nr="138" mi="4" ci="0" mb="0" cb="0"/><line nr="141" mi="2" ci="0" mb="0" cb="0"/><line nr="142" mi="2" ci="0" mb="0" cb="0"/><line nr="143" mi="5" ci="0" mb="0" cb="0"/><line nr="146" mi="5" ci="0" mb="2" cb="0"/><line nr="148" mi="5" ci="0" mb="0" cb="0"/><line nr="151" mi="3" ci="0" mb="0" cb="0"/><line nr="154" mi="7" ci="0" mb="0" cb="0"/><line nr="157" mi="1" ci="0" mb="0" cb="0"/><line nr="158" mi="3" ci="0" mb="2" cb="0"/><line nr="159" mi="2" ci="0" mb="0" cb="0"/><line nr="160" mi="1" ci="0" mb="0" cb="0"/><line nr="161" mi="6" ci="0" mb="0" cb="0"/><line nr="164" mi="1" ci="0" mb="0" cb="0"/><line nr="172" mi="2" ci="0" mb="0" cb="0"/><line nr="175" mi="4" ci="0" mb="0" cb="0"/><line nr="178" mi="12" ci="0" mb="0" cb="0"/><line nr="181" mi="3" ci="0" mb="0" cb="0"/><line nr="182" mi="1" ci="0" mb="0" cb="0"/><line nr="190" mi="2" ci="0" mb="0" cb="0"/><line nr="193" mi="4" ci="0" mb="0" cb="0"/><line nr="196" mi="12" ci="0" mb="0" cb="0"/><line nr="199" mi="3" ci="0" mb="0" cb="0"/><line nr="200" mi="1" ci="0" mb="0" cb="0"/><line nr="210" mi="5" ci="0" mb="0" cb="0"/><line nr="211" mi="3" ci="0" mb="0" cb="0"/><line nr="214" mi="11" ci="0" mb="2" cb="0"/><line nr="216" mi="6" ci="0" mb="0" cb="0"/><line nr="219" mi="5" ci="0" mb="0" cb="0"/><line nr="220" mi="3" ci="0" mb="0" cb="0"/><line nr="223" mi="4" ci="0" mb="0" cb="0"/><line nr="226" mi="4" ci="0" mb="0" cb="0"/><line nr="229" mi="9" ci="0" mb="0" cb="0"/><line nr="232" mi="4" ci="0" mb="2" cb="0"/><line nr="234" mi="2" ci="0" mb="0" cb="0"/><line nr="235" mi="15" ci="0" mb="2" cb="0"/><line nr="236" mi="4" ci="0" mb="0" cb="0"/><line nr="237" mi="1" ci="0" mb="0" cb="0"/><line nr="238" mi="10" ci="0" mb="0" cb="0"/><line nr="239" mi="6" ci="0" mb="0" cb="0"/><line nr="242" mi="24" ci="0" mb="0" cb="0"/><line nr="245" mi="1" ci="0" mb="0" cb="0"/><line nr="246" mi="1" ci="0" mb="0" cb="0"/><line nr="258" mi="4" ci="0" mb="0" cb="0"/><line nr="261" mi="4" ci="0" mb="0" cb="0"/><line nr="264" mi="6" ci="0" mb="0" cb="0"/><line nr="267" mi="6" ci="0" mb="0" cb="0"/><line nr="270" mi="8" ci="0" mb="0" cb="0"/><line nr="271" mi="1" ci="0" mb="0" cb="0"/><line nr="282" mi="4" ci="0" mb="0" cb="0"/><line nr="285" mi="3" ci="0" mb="0" cb="0"/><line nr="288" mi="3" ci="0" mb="0" cb="0"/><line nr="289" mi="1" ci="0" mb="0" cb="0"/><counter type="INSTRUCTION" missed="407" covered="0"/><counter type="BRANCH" missed="14" covered="0"/><counter type="LINE" missed="86" covered="0"/><counter type="COMPLEXITY" missed="15" covered="0"/><counter type="METHOD" missed="8" covered="0"/><counter type="CLASS" missed="1" covered="0"/></sourcefile><counter type="INSTRUCTION" missed="1111" covered="0"/><counter type="BRANCH" missed="32" covered="0"/><counter type="LINE" missed="220" covered="0"/><counter type="COMPLEXITY" missed="34" covered="0"/><counter type="METHOD" missed="18" covered="0"/><counter type="CLASS" missed="3" covered="0"/></package><package name="solarsystem"><class name="solarsystem/SolarSystemApplication$7"><method name="&lt;init&gt;" desc="(Lsolarsystem/SolarSystemApplication;Ljavafx/stage/Stage;)V" line="263"><counter type="INSTRUCTION" missed="9" covered="0"/><counter type="LINE" missed="1" covered="0"/><counter type="COMPLEXITY" missed="1" covered="0"/><counter type="METHOD" missed="1" covered="0"/></method><method name="handle" desc="(Ljavafx/event/Event;)V" line="266"><counter type="INSTRUCTION" missed="6" covered="0"/><counter type="LINE" missed="2" covered="0"/><counter type="COMPLEXITY" missed="1" covered="0"/><counter type="METHOD" missed="1" covered="0"/></method><counter type="INSTRUCTION" missed="15" covered="0"/><counter type="LINE" missed="3" covered="0"/><counter type="COMPLEXITY" missed="2" covered="0"/><counter type="METHOD" missed="2" covered="0"/><counter type="CLASS" missed="1" covered="0"/></class><class name="solarsystem/SolarSystemApplication$24"><method name="&lt;init&gt;" desc="(Lsolarsystem/SolarSystemApplication;Ljava/lang/String;Ljava/lang/String;)V" line="1451"><counter type="INSTRUCTION" missed="12" covered="0"/><counter type="LINE" missed="1" covered="0"/><counter type="COMPLEXITY" missed="1" covered="0"/><counter type="METHOD" missed="1" covered="0"/></method><method name="run" desc="()V" line="1454"><counter type="INSTRUCTION" missed="20" covered="0"/><counter type="LINE" missed="6" covered="0"/><counter type="COMPLEXITY" missed="1" covered="0"/><counter type="METHOD" missed="1" covered="0"/></method><counter type="INSTRUCTION" missed="32" covered="0"/><counter type="LINE" missed="7" covered="0"/><counter type="COMPLEXITY" missed="2" covered="0"/><counter type="METHOD" missed="2" covered="0"/><counter type="CLASS" missed="1" covered="0"/></class><class name="solarsystem/SolarSystemApplication$8"><method name="&lt;init&gt;" desc="(Lsolarsystem/SolarSystemApplication;)V" line="277"><counter type="INSTRUCTION" missed="6" covered="0"/><counter type="LINE" missed="1" covered="0"/><counter type="COMPLEXITY" missed="1" covered="0"/><counter type="METHOD" missed="1" covered="0"/></method><method name="handle" desc="(Ljavafx/event/Event;)V" line="280"><counter type="INSTRUCTION" missed="4" covered="0"/><counter type="LINE" missed="2" covered="0"/><counter type="COMPLEXITY" missed="1" covered="0"/><counter type="METHOD" missed="1" covered="0"/></method><counter type="INSTRUCTION" missed="10" covered="0"/><counter type="LINE" missed="3" covered="0"/><counter type="COMPLEXITY" missed="2" covered="0"/><counter type="METHOD" missed="2" covered="0"/><counter type="CLASS" missed="1" covered="0"/></class><class name="solarsystem/SolarSystemApplication$23"><method name="&lt;init&gt;" desc="(Lsolarsystem/SolarSystemApplication;)V" line="1395"><counter type="INSTRUCTION" missed="6" covered="0"/><counter type="LINE" missed="1" covered="0"/><counter type="COMPLEXITY" missed="1" covered="0"/><counter type="METHOD" missed="1" covered="0"/></method><method name="compare" desc="(Ljava/lang/String;Ljava/lang/String;)I" line="1398"><counter type="INSTRUCTION" missed="24" covered="0"/><counter type="BRANCH" missed="2" covered="0"/><counter type="LINE" missed="5" covered="0"/><counter type="COMPLEXITY" missed="2" covered="0"/><counter type="METHOD" missed="1" covered="0"/></method><counter type="INSTRUCTION" missed="30" covered="0"/><counter type="BRANCH" missed="2" covered="0"/><counter type="LINE" missed="6" covered="0"/><counter type="COMPLEXITY" missed="3" covered="0"/><counter type="METHOD" missed="2" covered="0"/><counter type="CLASS" missed="1" covered="0"/></class><class name="solarsystem/SolarSystemApplication$22"><method name="&lt;init&gt;" desc="(Lsolarsystem/SolarSystemApplication;)V" line="1379"><counter type="INSTRUCTION" missed="6" covered="0"/><counter type="LINE" missed="1" covered="0"/><counter type="COMPLEXITY" missed="1" covered="0"/><counter type="METHOD" missed="1" covered="0"/></method><method name="compare" desc="(Ljava/lang/String;Ljava/lang/String;)I" line="1382"><counter type="INSTRUCTION" missed="34" covered="0"/><counter type="BRANCH" missed="2" covered="0"/><counter type="LINE" missed="7" covered="0"/><counter type="COMPLEXITY" missed="2" covered="0"/><counter type="METHOD" missed="1" covered="0"/></method><counter type="INSTRUCTION" missed="40" covered="0"/><counter type="BRANCH" missed="2" covered="0"/><counter type="LINE" missed="8" covered="0"/><counter type="COMPLEXITY" missed="3" covered="0"/><counter type="METHOD" missed="2" covered="0"/><counter type="CLASS" missed="1" covered="0"/></class><class name="solarsystem/SolarSystemApplication$5"><method name="&lt;init&gt;" desc="(Lsolarsystem/SolarSystemApplication;)V" line="235"><counter type="INSTRUCTION" missed="6" covered="0"/><counter type="LINE" missed="1" covered="0"/><counter type="COMPLEXITY" missed="1" covered="0"/><counter type="METHOD" missed="1" covered="0"/></method><method name="handle" desc="(Ljavafx/event/Event;)V" line="238"><counter type="INSTRUCTION" missed="4" covered="0"/><counter type="LINE" missed="2" covered="0"/><counter type="COMPLEXITY" missed="1" covered="0"/><counter type="METHOD" missed="1" covered="0"/></method><counter type="INSTRUCTION" missed="10" covered="0"/><counter type="LINE" missed="3" covered="0"/><counter type="COMPLEXITY" missed="2" covered="0"/><counter type="METHOD" missed="2" covered="0"/><counter type="CLASS" missed="1" covered="0"/></class><class name="solarsystem/SolarSystemApplication$6"><method name="&lt;init&gt;" desc="(Lsolarsystem/SolarSystemApplication;Ljavafx/stage/Stage;)V" line="249"><counter type="INSTRUCTION" missed="9" covered="0"/><counter type="LINE" missed="1" covered="0"/><counter type="COMPLEXITY" missed="1" covered="0"/><counter type="METHOD" missed="1" covered="0"/></method><method name="handle" desc="(Ljavafx/event/Event;)V" line="252"><counter type="INSTRUCTION" missed="6" covered="0"/><counter type="LINE" missed="2" covered="0"/><counter type="COMPLEXITY" missed="1" covered="0"/><counter type="METHOD" missed="1" covered="0"/></method><counter type="INSTRUCTION" missed="15" covered="0"/><counter type="LINE" missed="3" covered="0"/><counter type="COMPLEXITY" missed="2" covered="0"/><counter type="METHOD" missed="2" covered="0"/><counter type="CLASS" missed="1" covered="0"/></class><class name="solarsystem/SolarSystemApplication$21"><method name="&lt;init&gt;" desc="(Lsolarsystem/SolarSystemApplication;Ljavafx/scene/control/CheckBox;Ljava/lang/String;)V" line="857"><counter type="INSTRUCTION" missed="12" covered="0"/><counter type="LINE" missed="1" covered="0"/><counter type="COMPLEXITY" missed="1" covered="0"/><counter type="METHOD" missed="1" covered="0"/></method><method name="handle" desc="(Ljavafx/scene/input/MouseEvent;)V" line="860"><counter type="INSTRUCTION" missed="24" covered="0"/><counter type="BRANCH" missed="2" covered="0"/><counter type="LINE" missed="5" covered="0"/><counter type="COMPLEXITY" missed="2" covered="0"/><counter type="METHOD" missed="1" covered="0"/></method><counter type="INSTRUCTION" missed="36" covered="0"/><counter type="BRANCH" missed="2" covered="0"/><counter type="LINE" missed="6" covered="0"/><counter type="COMPLEXITY" missed="3" covered="0"/><counter type="METHOD" missed="2" covered="0"/><counter type="CLASS" missed="1" covered="0"/></class><class name="solarsystem/SolarSystemException"><method name="&lt;init&gt;" desc="()V" line="33"><counter type="INSTRUCTION" missed="3" covered="0"/><counter type="LINE" missed="2" covered="0"/><counter type="COMPLEXITY" missed="1" covered="0"/><counter type="METHOD" missed="1" covered="0"/></method><method name="&lt;init&gt;" desc="(Ljava/lang/String;)V" line="42"><counter type="INSTRUCTION" missed="4" covered="0"/><counter type="LINE" missed="2" covered="0"/><counter type="COMPLEXITY" missed="1" covered="0"/><counter type="METHOD" missed="1" covered="0"/></method><counter type="INSTRUCTION" missed="7" covered="0"/><counter type="LINE" missed="4" covered="0"/><counter type="COMPLEXITY" missed="2" covered="0"/><counter type="METHOD" missed="2" covered="0"/><counter type="CLASS" missed="1" covered="0"/></class><class name="solarsystem/SolarSystemApplication$20"><method name="&lt;init&gt;" desc="(Lsolarsystem/SolarSystemApplication;)V" line="489"><counter type="INSTRUCTION" missed="6" covered="0"/><counter type="LINE" missed="1" covered="0"/><counter type="COMPLEXITY" missed="1" covered="0"/><counter type="METHOD" missed="1" covered="0"/></method><method name="handle" desc="(Ljavafx/scene/input/MouseEvent;)V" line="492"><counter type="INSTRUCTION" missed="18" covered="0"/><counter type="BRANCH" missed="2" covered="0"/><counter type="LINE" missed="4" covered="0"/><counter type="COMPLEXITY" missed="2" covered="0"/><counter type="METHOD" missed="1" covered="0"/></method><counter type="INSTRUCTION" missed="24" covered="0"/><counter type="BRANCH" missed="2" covered="0"/><counter type="LINE" missed="5" covered="0"/><counter type="COMPLEXITY" missed="3" covered="0"/><counter type="METHOD" missed="2" covered="0"/><counter type="CLASS" missed="1" covered="0"/></class><class name="solarsystem/SolarSystemApplication$9"><method name="&lt;init&gt;" desc="(Lsolarsystem/SolarSystemApplication;)V" line="291"><counter type="INSTRUCTION" missed="6" covered="0"/><counter type="LINE" missed="1" covered="0"/><counter type="COMPLEXITY" missed="1" covered="0"/><counter type="METHOD" missed="1" covered="0"/></method><method name="handle" desc="(Ljavafx/event/Event;)V" line="294"><counter type="INSTRUCTION" missed="12" covered="0"/><counter type="BRANCH" missed="2" covered="0"/><counter type="LINE" missed="4" covered="0"/><counter type="COMPLEXITY" missed="2" covered="0"/><counter type="METHOD" missed="1" covered="0"/></method><counter type="INSTRUCTION" missed="18" covered="0"/><counter type="BRANCH" missed="2" covered="0"/><counter type="LINE" missed="5" covered="0"/><counter type="COMPLEXITY" missed="3" covered="0"/><counter type="METHOD" missed="2" covered="0"/><counter type="CLASS" missed="1" covered="0"/></class><class name="solarsystem/SolarSystemApplication$3"><method name="&lt;init&gt;" desc="(Lsolarsystem/SolarSystemApplication;)V" line="202"><counter type="INSTRUCTION" missed="6" covered="0"/><counter type="LINE" missed="1" covered="0"/><counter type="COMPLEXITY" missed="1" covered="0"/><counter type="METHOD" missed="1" covered="0"/></method><method name="handle" desc="(Ljavafx/scene/input/MouseEvent;)V" line="205"><counter type="INSTRUCTION" missed="5" covered="0"/><counter type="LINE" missed="2" covered="0"/><counter type="COMPLEXITY" missed="1" covered="0"/><counter type="METHOD" missed="1" covered="0"/></method><counter type="INSTRUCTION" missed="11" covered="0"/><counter type="LINE" missed="3" covered="0"/><counter type="COMPLEXITY" missed="2" covered="0"/><counter type="METHOD" missed="2" covered="0"/><counter type="CLASS" missed="1" covered="0"/></class><class name="solarsystem/SolarSystemApplication$4"><method name="&lt;init&gt;" desc="(Lsolarsystem/SolarSystemApplication;)V" line="220"><counter type="INSTRUCTION" missed="6" covered="0"/><counter type="LINE" missed="1" covered="0"/><counter type="COMPLEXITY" missed="1" covered="0"/><counter type="METHOD" missed="1" covered="0"/></method><method name="handle" desc="(Ljavafx/event/Event;)V" line="223"><counter type="INSTRUCTION" missed="8" covered="0"/><counter type="BRANCH" missed="2" covered="0"/><counter type="LINE" missed="3" covered="0"/><counter type="COMPLEXITY" missed="2" covered="0"/><counter type="METHOD" missed="1" covered="0"/></method><counter type="INSTRUCTION" missed="14" covered="0"/><counter type="BRANCH" missed="2" covered="0"/><counter type="LINE" missed="4" covered="0"/><counter type="COMPLEXITY" missed="3" covered="0"/><counter type="METHOD" missed="2" covered="0"/><counter type="CLASS" missed="1" covered="0"/></class><class name="solarsystem/SolarSystemApplication$1"><method name="&lt;init&gt;" desc="(Lsolarsystem/SolarSystemApplication;)V" line="185"><counter type="INSTRUCTION" missed="6" covered="0"/><counter type="LINE" missed="1" covered="0"/><counter type="COMPLEXITY" missed="1" covered="0"/><counter type="METHOD" missed="1" covered="0"/></method><method name="handle" desc="(Ljavafx/scene/input/MouseEvent;)V" line="188"><counter type="INSTRUCTION" missed="5" covered="0"/><counter type="LINE" missed="2" covered="0"/><counter type="COMPLEXITY" missed="1" covered="0"/><counter type="METHOD" missed="1" covered="0"/></method><counter type="INSTRUCTION" missed="11" covered="0"/><counter type="LINE" missed="3" covered="0"/><counter type="COMPLEXITY" missed="2" covered="0"/><counter type="METHOD" missed="2" covered="0"/><counter type="CLASS" missed="1" covered="0"/></class><class name="solarsystem/SolarSystemApplication$2"><method name="&lt;init&gt;" desc="(Lsolarsystem/SolarSystemApplication;)V" line="194"><counter type="INSTRUCTION" missed="6" covered="0"/><counter type="LINE" missed="1" covered="0"/><counter type="COMPLEXITY" missed="1" covered="0"/><counter type="METHOD" missed="1" covered="0"/></method><method name="handle" desc="(Ljavafx/scene/input/MouseEvent;)V" line="197"><counter type="INSTRUCTION" missed="5" covered="0"/><counter type="LINE" missed="2" covered="0"/><counter type="COMPLEXITY" missed="1" covered="0"/><counter type="METHOD" missed="1" covered="0"/></method><counter type="INSTRUCTION" missed="11" covered="0"/><counter type="LINE" missed="3" covered="0"/><counter type="COMPLEXITY" missed="2" covered="0"/><counter type="METHOD" missed="2" covered="0"/><counter type="CLASS" missed="1" covered="0"/></class><class name="solarsystem/SolarSystemApplication$13"><method name="&lt;init&gt;" desc="(Lsolarsystem/SolarSystemApplication;)V" line="372"><counter type="INSTRUCTION" missed="6" covered="0"/><counter type="LINE" missed="1" covered="0"/><counter type="COMPLEXITY" missed="1" covered="0"/><counter type="METHOD" missed="1" covered="0"/></method><method name="handle" desc="(Ljavafx/event/Event;)V" line="375"><counter type="INSTRUCTION" missed="6" covered="0"/><counter type="LINE" missed="2" covered="0"/><counter type="COMPLEXITY" missed="1" covered="0"/><counter type="METHOD" missed="1" covered="0"/></method><counter type="INSTRUCTION" missed="12" covered="0"/><counter type="LINE" missed="3" covered="0"/><counter type="COMPLEXITY" missed="2" covered="0"/><counter type="METHOD" missed="2" covered="0"/><counter type="CLASS" missed="1" covered="0"/></class><class name="solarsystem/SolarSystemApplication$12"><method name="&lt;init&gt;" desc="(Lsolarsystem/SolarSystemApplication;)V" line="348"><counter type="INSTRUCTION" missed="6" covered="0"/><counter type="LINE" missed="1" covered="0"/><counter type="COMPLEXITY" missed="1" covered="0"/><counter type="METHOD" missed="1" covered="0"/></method><method name="handle" desc="(Ljavafx/event/Event;)V" line="351"><counter type="INSTRUCTION" missed="12" covered="0"/><counter type="BRANCH" missed="2" covered="0"/><counter type="LINE" missed="4" covered="0"/><counter type="COMPLEXITY" missed="2" covered="0"/><counter type="METHOD" missed="1" covered="0"/></method><counter type="INSTRUCTION" missed="18" covered="0"/><counter type="BRANCH" missed="2" covered="0"/><counter type="LINE" missed="5" covered="0"/><counter type="COMPLEXITY" missed="3" covered="0"/><counter type="METHOD" missed="2" covered="0"/><counter type="CLASS" missed="1" covered="0"/></class><class name="solarsystem/DateTimeSelector"><method name="&lt;init&gt;" desc="(Ljava/util/GregorianCalendar;)V" line="40"><counter type="INSTRUCTION" missed="6" covered="0"/><counter type="LINE" missed="3" covered="0"/><counter type="COMPLEXITY" missed="1" covered="0"/><counter type="METHOD" missed="1" covered="0"/></method><method name="setDateTime" desc="(Ljava/util/GregorianCalendar;)V" line="50"><counter type="INSTRUCTION" missed="6" covered="0"/><counter type="LINE" missed="2" covered="0"/><counter type="COMPLEXITY" missed="1" covered="0"/><counter type="METHOD" missed="1" covered="0"/></method><method name="getDateTime" desc="()Ljava/util/GregorianCalendar;" line="60"><counter type="INSTRUCTION" missed="26" covered="0"/><counter type="LINE" missed="5" covered="0"/><counter type="COMPLEXITY" missed="1" covered="0"/><counter type="METHOD" missed="1" covered="0"/></method><method name="calendarToString" desc="(Ljava/util/GregorianCalendar;)Ljava/lang/String;" line="76"><counter type="INSTRUCTION" missed="130" covered="0"/><counter type="BRANCH" missed="2" covered="0"/><counter type="LINE" missed="20" covered="0"/><counter type="COMPLEXITY" missed="2" covered="0"/><counter type="METHOD" missed="1" covered="0"/></method><method name="stringToCalendar" desc="(Ljava/lang/String;)Ljava/util/GregorianCalendar;" line="113"><counter type="INSTRUCTION" missed="59" covered="0"/><counter type="BRANCH" missed="2" covered="0"/><counter type="LINE" missed="12" covered="0"/><counter type="COMPLEXITY" missed="2" covered="0"/><counter type="METHOD" missed="1" covered="0"/></method><counter type="INSTRUCTION" missed="227" covered="0"/><counter type="BRANCH" missed="4" covered="0"/><counter type="LINE" missed="42" covered="0"/><counter type="COMPLEXITY" missed="7" covered="0"/><counter type="METHOD" missed="5" covered="0"/><counter type="CLASS" missed="1" covered="0"/></class><class name="solarsystem/SolarSystemApplication$11"><method name="&lt;init&gt;" desc="(Lsolarsystem/SolarSystemApplication;)V" line="329"><counter type="INSTRUCTION" missed="6" covered="0"/><counter type="LINE" missed="1" covered="0"/><counter type="COMPLEXITY" missed="1" covered="0"/><counter type="METHOD" missed="1" covered="0"/></method><method name="handle" desc="(Ljavafx/event/Event;)V" line="332"><counter type="INSTRUCTION" missed="12" covered="0"/><counter type="BRANCH" missed="2" covered="0"/><counter type="LINE" missed="4" covered="0"/><counter type="COMPLEXITY" missed="2" covered="0"/><counter type="METHOD" missed="1" covered="0"/></method><counter type="INSTRUCTION" missed="18" covered="0"/><counter type="BRANCH" missed="2" covered="0"/><counter type="LINE" missed="5" covered="0"/><counter type="COMPLEXITY" missed="3" covered="0"/><counter type="METHOD" missed="2" covered="0"/><counter type="CLASS" missed="1" covered="0"/></class><class name="solarsystem/SolarSystemApplication$10"><method name="&lt;init&gt;" desc="(Lsolarsystem/SolarSystemApplication;)V" line="310"><counter type="INSTRUCTION" missed="6" covered="0"/><counter type="LINE" missed="1" covered="0"/><counter type="COMPLEXITY" missed="1" covered="0"/><counter type="METHOD" missed="1" covered="0"/></method><method name="handle" desc="(Ljavafx/event/Event;)V" line="313"><counter type="INSTRUCTION" missed="12" covered="0"/><counter type="BRANCH" missed="2" covered="0"/><counter type="LINE" missed="4" covered="0"/><counter type="COMPLEXITY" missed="2" covered="0"/><counter type="METHOD" missed="1" covered="0"/></method><counter type="INSTRUCTION" missed="18" covered="0"/><counter type="BRANCH" missed="2" covered="0"/><counter type="LINE" missed="5" covered="0"/><counter type="COMPLEXITY" missed="3" covered="0"/><counter type="METHOD" missed="2" covered="0"/><counter type="CLASS" missed="1" covered="0"/></class><class name="solarsystem/SolarSystemApplication"><method name="&lt;init&gt;" desc="()V" line="65"><counter type="INSTRUCTION" missed="81" covered="0"/><counter type="LINE" missed="25" covered="0"/><counter type="COMPLEXITY" missed="1" covered="0"/><counter type="METHOD" missed="1" covered="0"/></method><method name="start" desc="(Ljavafx/stage/Stage;)V" line="168"><counter type="INSTRUCTION" missed="1339" covered="0"/><counter type="LINE" missed="228" covered="0"/><counter type="COMPLEXITY" missed="1" covered="0"/><counter type="METHOD" missed="1" covered="0"/></method><method name="initializeSimulation" desc="()V" line="690"><counter type="INSTRUCTION" missed="23" covered="0"/><counter type="LINE" missed="8" covered="0"/><counter type="COMPLEXITY" missed="1" covered="0"/><counter type="METHOD" missed="1" covered="0"/></method><method name="startSimulationFastBackward" desc="()V" line="703"><counter type="INSTRUCTION" missed="13" covered="0"/><counter type="LINE" missed="5" covered="0"/><counter type="COMPLEXITY" missed="1" covered="0"/><counter type="METHOD" missed="1" covered="0"/></method><method name="startSimulationBackward" desc="()V" line="713"><counter type="INSTRUCTION" missed="13" covered="0"/><counter type="LINE" missed="5" covered="0"/><counter type="COMPLEXITY" missed="1" covered="0"/><counter type="METHOD" missed="1" covered="0"/></method><method name="startSimulationStepModeBackward" desc="()V" line="723"><counter type="INSTRUCTION" missed="13" covered="0"/><counter type="LINE" missed="5" covered="0"/><counter type="COMPLEXITY" missed="1" covered="0"/><counter type="METHOD" missed="1" covered="0"/></method><method name="smallStepBackward" desc="()V" line="731"><counter type="INSTRUCTION" missed="13" covered="0"/><counter type="LINE" missed="4" covered="0"/><counter type="COMPLEXITY" missed="1" covered="0"/><counter type="METHOD" missed="1" covered="0"/></method><method name="smallStepForward" desc="()V" line="742"><counter type="INSTRUCTION" missed="13" covered="0"/><counter type="LINE" missed="4" covered="0"/><counter type="COMPLEXITY" missed="1" covered="0"/><counter type="METHOD" missed="1" covered="0"/></method><method name="startSimulationStepModeForward" desc="()V" line="752"><counter type="INSTRUCTION" missed="13" covered="0"/><counter type="LINE" missed="5" covered="0"/><counter type="COMPLEXITY" missed="1" covered="0"/><counter type="METHOD" missed="1" covered="0"/></method><method name="startSimulationForward" desc="()V" line="759"><counter type="INSTRUCTION" missed="13" covered="0"/><counter type="LINE" missed="5" covered="0"/><counter type="COMPLEXITY" missed="1" covered="0"/><counter type="METHOD" missed="1" covered="0"/></method><method name="startSimulationFastForward" desc="()V" line="769"><counter type="INSTRUCTION" missed="13" covered="0"/><counter type="LINE" missed="5" covered="0"/><counter type="COMPLEXITY" missed="1" covered="0"/><counter type="METHOD" missed="1" covered="0"/></method><method name="pauseSimulation" desc="()V" line="779"><counter type="INSTRUCTION" missed="10" covered="0"/><counter type="LINE" missed="4" covered="0"/><counter type="COMPLEXITY" missed="1" covered="0"/><counter type="METHOD" missed="1" covered="0"/></method><method name="simulationIsRunning" desc="()Z" line="788"><counter type="INSTRUCTION" missed="3" covered="0"/><counter type="LINE" missed="1" covered="0"/><counter type="COMPLEXITY" missed="1" covered="0"/><counter type="METHOD" missed="1" covered="0"/></method><method name="loadSimulationState" desc="(Ljavafx/stage/Stage;)V" line="792"><counter type="INSTRUCTION" missed="68" covered="0"/><counter type="BRANCH" missed="6" covered="0"/><counter type="LINE" missed="21" covered="0"/><counter type="COMPLEXITY" missed="4" covered="0"/><counter type="METHOD" missed="1" covered="0"/></method><method name="saveSimulationState" desc="(Ljavafx/stage/Stage;)V" line="823"><counter type="INSTRUCTION" missed="56" covered="0"/><counter type="BRANCH" missed="4" covered="0"/><counter type="LINE" missed="15" covered="0"/><counter type="COMPLEXITY" missed="3" covered="0"/><counter type="METHOD" missed="1" covered="0"/></method><method name="createCircle" desc="(Ljava/lang/String;ILjavafx/scene/paint/Color;)Ljavafx/scene/shape/Circle;" line="843"><counter type="INSTRUCTION" missed="20" covered="0"/><counter type="LINE" missed="4" covered="0"/><counter type="COMPLEXITY" missed="1" covered="0"/><counter type="METHOD" missed="1" covered="0"/></method><method name="createCheckBox" desc="(Ljava/lang/String;Ljava/lang/String;Ljava/lang/String;Z)Ljavafx/scene/control/CheckBox;" line="851"><counter type="INSTRUCTION" missed="34" covered="0"/><counter type="BRANCH" missed="2" covered="0"/><counter type="LINE" missed="8" covered="0"/><counter type="COMPLEXITY" missed="2" covered="0"/><counter type="METHOD" missed="1" covered="0"/></method><method name="screenX" desc="(Lutil/Vector3D;)D" line="875"><counter type="INSTRUCTION" missed="10" covered="0"/><counter type="LINE" missed="1" covered="0"/><counter type="COMPLEXITY" missed="1" covered="0"/><counter type="METHOD" missed="1" covered="0"/></method><method name="screenY" desc="(Lutil/Vector3D;)D" line="879"><counter type="INSTRUCTION" missed="12" covered="0"/><counter type="LINE" missed="1" covered="0"/><counter type="COMPLEXITY" missed="1" covered="0"/><counter type="METHOD" missed="1" covered="0"/></method><method name="rotateForEarthToSunView" desc="(Lutil/Vector3D;)Lutil/Vector3D;" line="886"><counter type="INSTRUCTION" missed="99" covered="0"/><counter type="BRANCH" missed="2" covered="0"/><counter type="LINE" missed="18" covered="0"/><counter type="COMPLEXITY" missed="2" covered="0"/><counter type="METHOD" missed="1" covered="0"/></method><method name="convertToScreenView" desc="(Lutil/Vector3D;)Lutil/Vector3D;" line="923"><counter type="INSTRUCTION" missed="73" covered="0"/><counter type="BRANCH" missed="12" covered="0"/><counter type="LINE" missed="16" covered="0"/><counter type="COMPLEXITY" missed="7" covered="0"/><counter type="METHOD" missed="1" covered="0"/></method><method name="drawCircle" desc="(Ljavafx/scene/shape/Circle;Lsolarsystem/SolarSystemBody;Lutil/Vector3D;)V" line="968"><counter type="INSTRUCTION" missed="136" covered="0"/><counter type="BRANCH" missed="8" covered="0"/><counter type="LINE" missed="27" covered="0"/><counter type="COMPLEXITY" missed="5" covered="0"/><counter type="METHOD" missed="1" covered="0"/></method><method name="drawCircles" desc="(Ljava/util/List;)V" line="1017"><counter type="INSTRUCTION" missed="47" covered="0"/><counter type="BRANCH" missed="8" covered="0"/><counter type="LINE" missed="10" covered="0"/><counter type="COMPLEXITY" missed="5" covered="0"/><counter type="METHOD" missed="1" covered="0"/></method><method name="setColor" desc="(Ljavafx/scene/canvas/GraphicsContext;Lutil/Vector3D;Ljavafx/scene/paint/Color;Ljavafx/scene/paint/Color;)V" line="1042"><counter type="INSTRUCTION" missed="19" covered="0"/><counter type="BRANCH" missed="2" covered="0"/><counter type="LINE" missed="6" covered="0"/><counter type="COMPLEXITY" missed="2" covered="0"/><counter type="METHOD" missed="1" covered="0"/></method><method name="drawOrbit" desc="([Lutil/Vector3D;Ljavafx/scene/paint/Color;Ljavafx/scene/paint/Color;Z)V" line="1065"><counter type="INSTRUCTION" missed="169" covered="0"/><counter type="BRANCH" missed="10" covered="0"/><counter type="LINE" missed="37" covered="0"/><counter type="COMPLEXITY" missed="6" covered="0"/><counter type="METHOD" missed="1" covered="0"/></method><method name="drawOrbits" desc="(Ljava/util/List;)V" line="1121"><counter type="INSTRUCTION" missed="27" covered="0"/><counter type="BRANCH" missed="6" covered="0"/><counter type="LINE" missed="7" covered="0"/><counter type="COMPLEXITY" missed="4" covered="0"/><counter type="METHOD" missed="1" covered="0"/></method><method name="drawOrbitCorrespondingToPositionVelocity" desc="(Ljava/lang/String;Lparticlesystem/Particle;)V" line="1140"><counter type="INSTRUCTION" missed="60" covered="0"/><counter type="BRANCH" missed="4" covered="0"/><counter type="LINE" missed="13" covered="0"/><counter type="COMPLEXITY" missed="3" covered="0"/><counter type="METHOD" missed="1" covered="0"/></method><method name="drawOrbitsCorrespondingToPositionVelocity" desc="(Ljava/util/List;)V" line="1172"><counter type="INSTRUCTION" missed="38" covered="0"/><counter type="BRANCH" missed="8" covered="0"/><counter type="LINE" missed="10" covered="0"/><counter type="COMPLEXITY" missed="5" covered="0"/><counter type="METHOD" missed="1" covered="0"/></method><method name="drawRulerDistance" desc="()V" line="1191"><counter type="INSTRUCTION" missed="174" covered="0"/><counter type="BRANCH" missed="10" covered="0"/><counter type="LINE" missed="30" covered="0"/><counter type="COMPLEXITY" missed="6" covered="0"/><counter type="METHOD" missed="1" covered="0"/></method><method name="drawRulerAngularDiameter" desc="()V" line="1238"><counter type="INSTRUCTION" missed="192" covered="0"/><counter type="BRANCH" missed="10" covered="0"/><counter type="LINE" missed="34" covered="0"/><counter type="COMPLEXITY" missed="6" covered="0"/><counter type="METHOD" missed="1" covered="0"/></method><method name="distanceCircle" desc="(Ljavafx/scene/input/MouseEvent;Ljavafx/scene/shape/Circle;)D" line="1292"><counter type="INSTRUCTION" missed="21" covered="0"/><counter type="LINE" missed="3" covered="0"/><counter type="COMPLEXITY" missed="1" covered="0"/><counter type="METHOD" missed="1" covered="0"/></method><method name="screenMouseClicked" desc="(Ljavafx/scene/input/MouseEvent;)V" line="1302"><counter type="INSTRUCTION" missed="38" covered="0"/><counter type="BRANCH" missed="4" covered="0"/><counter type="LINE" missed="10" covered="0"/><counter type="COMPLEXI
[...]
"0"/><line nr="787" mi="0" ci="7" mb="0" cb="0"/><line nr="788" mi="0" ci="7" mb="0" cb="0"/><line nr="789" mi="0" ci="7" mb="0" cb="0"/><line nr="790" mi="0" ci="7" mb="0" cb="0"/><line nr="791" mi="0" ci="7" mb="0" cb="0"/><line nr="792" mi="0" ci="7" mb="0" cb="0"/><line nr="793" mi="0" ci="7" mb="0" cb="0"/><line nr="794" mi="0" ci="7" mb="0" cb="0"/><line nr="795" mi="0" ci="7" mb="0" cb="0"/><line nr="796" mi="0" ci="7" mb="0" cb="0"/><line nr="799" mi="0" ci="5" mb="0" cb="0"/><line nr="800" mi="0" ci="7" mb="0" cb="0"/><line nr="801" mi="0" ci="7" mb="0" cb="0"/><line nr="802" mi="0" ci="7" mb="0" cb="0"/><line nr="803" mi="0" ci="7" mb="0" cb="0"/><line nr="804" mi="0" ci="7" mb="0" cb="0"/><line nr="805" mi="0" ci="7" mb="0" cb="0"/><line nr="806" mi="0" ci="7" mb="0" cb="0"/><line nr="807" mi="0" ci="7" mb="0" cb="0"/><line nr="808" mi="0" ci="7" mb="0" cb="0"/><line nr="809" mi="0" ci="7" mb="0" cb="0"/><line nr="810" mi="0" ci="7" mb="0" cb="0"/><line nr="811" mi="0" ci="7" mb="0" cb="0"/><line nr="812" mi="0" ci="7" mb="0" cb="0"/><line nr="813" mi="0" ci="7" mb="0" cb="0"/><line nr="814" mi="0" ci="7" mb="0" cb="0"/><line nr="815" mi="0" ci="7" mb="0" cb="0"/><line nr="816" mi="0" ci="7" mb="0" cb="0"/><line nr="819" mi="0" ci="5" mb="0" cb="0"/><line nr="820" mi="0" ci="7" mb="0" cb="0"/><line nr="821" mi="0" ci="7" mb="0" cb="0"/><line nr="822" mi="0" ci="7" mb="0" cb="0"/><line nr="823" mi="0" ci="7" mb="0" cb="0"/><line nr="824" mi="0" ci="7" mb="0" cb="0"/><line nr="825" mi="0" ci="7" mb="0" cb="0"/><line nr="826" mi="0" ci="7" mb="0" cb="0"/><line nr="827" mi="0" ci="7" mb="0" cb="0"/><line nr="828" mi="0" ci="7" mb="0" cb="0"/><line nr="829" mi="0" ci="7" mb="0" cb="0"/><line nr="830" mi="0" ci="7" mb="0" cb="0"/><line nr="831" mi="0" ci="7" mb="0" cb="0"/><line nr="832" mi="0" ci="7" mb="0" cb="0"/><line nr="833" mi="0" ci="7" mb="0" cb="0"/><line nr="834" mi="0" ci="7" mb="0" cb="0"/><line nr="835" mi="0" ci="7" mb="0" cb="0"/><line nr="836" mi="0" ci="7" mb="0" cb="0"/><line nr="837" mi="0" ci="7" mb="0" cb="0"/><line nr="838" mi="0" ci="7" mb="0" cb="0"/><line nr="839" mi="0" ci="7" mb="0" cb="0"/><line nr="840" mi="0" ci="7" mb="0" cb="0"/><line nr="841" mi="0" ci="7" mb="0" cb="0"/><line nr="842" mi="0" ci="7" mb="0" cb="0"/><line nr="843" mi="0" ci="7" mb="0" cb="0"/><line nr="846" mi="0" ci="5" mb="0" cb="0"/><line nr="847" mi="0" ci="6" mb="0" cb="0"/><line nr="848" mi="0" ci="6" mb="0" cb="0"/><line nr="849" mi="0" ci="6" mb="0" cb="0"/><line nr="850" mi="0" ci="6" mb="0" cb="0"/><line nr="851" mi="0" ci="6" mb="0" cb="0"/><line nr="852" mi="0" ci="6" mb="0" cb="0"/><line nr="853" mi="0" ci="6" mb="0" cb="0"/><line nr="854" mi="0" ci="6" mb="0" cb="0"/><line nr="855" mi="0" ci="6" mb="0" cb="0"/><line nr="856" mi="0" ci="6" mb="0" cb="0"/><line nr="857" mi="0" ci="6" mb="0" cb="0"/><line nr="858" mi="0" ci="6" mb="0" cb="0"/><line nr="859" mi="0" ci="6" mb="0" cb="0"/><line nr="860" mi="0" ci="6" mb="0" cb="0"/><line nr="861" mi="0" ci="6" mb="0" cb="0"/><line nr="862" mi="0" ci="6" mb="0" cb="0"/><line nr="863" mi="0" ci="6" mb="0" cb="0"/><line nr="864" mi="0" ci="6" mb="0" cb="0"/><line nr="865" mi="0" ci="6" mb="0" cb="0"/><line nr="866" mi="0" ci="6" mb="0" cb="0"/><line nr="867" mi="0" ci="6" mb="0" cb="0"/><line nr="868" mi="0" ci="6" mb="0" cb="0"/><line nr="869" mi="0" ci="6" mb="0" cb="0"/><line nr="872" mi="0" ci="5" mb="0" cb="0"/><line nr="873" mi="0" ci="7" mb="0" cb="0"/><line nr="874" mi="0" ci="5" mb="0" cb="0"/><line nr="877" mi="0" ci="5" mb="0" cb="0"/><line nr="878" mi="0" ci="6" mb="0" cb="0"/><line nr="879" mi="0" ci="1" mb="0" cb="0"/><line nr="886" mi="0" ci="2" mb="0" cb="2"/><line nr="887" mi="0" ci="4" mb="0" cb="0"/><line nr="889" mi="0" ci="2" mb="0" cb="0"/><line nr="897" mi="4" ci="0" mb="0" cb="0"/><line nr="905" mi="8" ci="0" mb="0" cb="0"/><line nr="914" mi="6" ci="0" mb="0" cb="0"/><line nr="915" mi="2" ci="0" mb="0" cb="0"/><line nr="924" mi="7" ci="0" mb="0" cb="0"/><line nr="936" mi="0" ci="5" mb="1" cb="1"/><line nr="938" mi="0" ci="7" mb="0" cb="0"/><line nr="942" mi="9" ci="0" mb="0" cb="0"/><line nr="953" mi="0" ci="6" mb="0" cb="0"/><line nr="962" mi="7" ci="0" mb="0" cb="0"/><counter type="INSTRUCTION" missed="43" covered="2329"/><counter type="BRANCH" missed="1" covered="3"/><counter type="LINE" missed="7" covered="144"/><counter type="COMPLEXITY" missed="6" covered="6"/><counter type="METHOD" missed="5" covered="5"/><counter type="CLASS" missed="0" covered="1"/></sourcefile><sourcefile name="JulianDateConverter.java"><line nr="31" mi="3" ci="0" mb="0" cb="0"/><line nr="49" mi="0" ci="4" mb="0" cb="0"/><line nr="50" mi="0" ci="4" mb="0" cb="0"/><line nr="51" mi="0" ci="6" mb="0" cb="0"/><line nr="52" mi="0" ci="4" mb="0" cb="0"/><line nr="53" mi="0" ci="4" mb="0" cb="0"/><line nr="54" mi="0" ci="4" mb="0" cb="0"/><line nr="60" mi="0" ci="2" mb="0" cb="2"/><line nr="61" mi="0" ci="5" mb="0" cb="0"/><line nr="68" mi="0" ci="6" mb="0" cb="4"/><line nr="69" mi="0" ci="4" mb="0" cb="0"/><line nr="70" mi="0" ci="4" mb="0" cb="0"/><line nr="72" mi="0" ci="4" mb="0" cb="0"/><line nr="73" mi="0" ci="4" mb="0" cb="0"/><line nr="74" mi="0" ci="6" mb="0" cb="0"/><line nr="75" mi="0" ci="8" mb="0" cb="0"/><line nr="76" mi="0" ci="8" mb="0" cb="0"/><line nr="77" mi="0" ci="21" mb="0" cb="0"/><line nr="78" mi="0" ci="4" mb="0" cb="2"/><line nr="80" mi="0" ci="5" mb="0" cb="0"/><line nr="84" mi="0" ci="4" mb="0" cb="2"/><line nr="85" mi="0" ci="5" mb="0" cb="0"/><line nr="87" mi="0" ci="2" mb="0" cb="0"/><line nr="103" mi="0" ci="4" mb="0" cb="2"/><line nr="104" mi="0" ci="5" mb="0" cb="0"/><line nr="108" mi="0" ci="4" mb="0" cb="0"/><line nr="109" mi="0" ci="4" mb="0" cb="0"/><line nr="110" mi="0" ci="9" mb="0" cb="0"/><line nr="111" mi="0" ci="7" mb="0" cb="0"/><line nr="112" mi="0" ci="8" mb="0" cb="0"/><line nr="113" mi="0" ci="4" mb="0" cb="0"/><line nr="114" mi="0" ci="9" mb="0" cb="0"/><line nr="115" mi="0" ci="7" mb="0" cb="0"/><line nr="116" mi="0" ci="9" mb="0" cb="0"/><line nr="117" mi="0" ci="7" mb="0" cb="0"/><line nr="118" mi="0" ci="13" mb="0" cb="0"/><line nr="119" mi="0" ci="9" mb="0" cb="0"/><line nr="120" mi="0" ci="14" mb="0" cb="0"/><line nr="121" mi="0" ci="4" mb="0" cb="0"/><line nr="122" mi="0" ci="3" mb="0" cb="2"/><line nr="123" mi="0" ci="4" mb="0" cb="0"/><line nr="125" mi="0" ci="4" mb="0" cb="0"/><line nr="126" mi="0" ci="3" mb="0" cb="2"/><line nr="127" mi="0" ci="4" mb="0" cb="0"/><line nr="131" mi="0" ci="11" mb="0" cb="0"/><line nr="132" mi="0" ci="4" mb="0" cb="0"/><line nr="133" mi="0" ci="2" mb="0" cb="0"/><counter type="INSTRUCTION" missed="3" covered="270"/><counter type="BRANCH" missed="0" covered="16"/><counter type="LINE" missed="1" covered="46"/><counter type="COMPLEXITY" missed="1" covered="10"/><counter type="METHOD" missed="1" covered="2"/><counter type="CLASS" missed="0" covered="1"/></sourcefile><sourcefile name="EphemerisUtil.java"><line nr="29" mi="3" ci="0" mb="0" cb="0"/><line nr="57" mi="0" ci="6" mb="0" cb="0"/><line nr="72" mi="0" ci="3" mb="0" cb="0"/><line nr="75" mi="0" ci="3" mb="0" cb="0"/><line nr="94" mi="0" ci="2" mb="0" cb="0"/><line nr="95" mi="0" ci="2" mb="0" cb="0"/><line nr="97" mi="0" ci="2" mb="0" cb="0"/><line nr="98" mi="0" ci="7" mb="0" cb="0"/><line nr="99" mi="0" ci="4" mb="0" cb="0"/><line nr="100" mi="0" ci="5" mb="0" cb="2"/><line nr="101" mi="0" ci="2" mb="0" cb="0"/><line nr="120" mi="0" ci="2" mb="0" cb="0"/><line nr="121" mi="0" ci="4" mb="0" cb="2"/><line nr="122" mi="0" ci="2" mb="0" cb="0"/><line nr="124" mi="0" ci="2" mb="0" cb="0"/><line nr="126" mi="0" ci="12" mb="0" cb="0"/><line nr="127" mi="0" ci="6" mb="0" cb="0"/><line nr="128" mi="0" ci="9" mb="0" cb="0"/><line nr="129" mi="0" ci="5" mb="0" cb="2"/><line nr="130" mi="0" ci="2" mb="0" cb="0"/><line nr="147" mi="0" ci="2" mb="0" cb="0"/><line nr="148" mi="0" ci="3" mb="0" cb="0"/><line nr="149" mi="0" ci="3" mb="0" cb="0"/><line nr="150" mi="0" ci="2" mb="0" cb="0"/><line nr="151" mi="0" ci="2" mb="0" cb="0"/><line nr="153" mi="0" ci="14" mb="0" cb="0"/><line nr="154" mi="0" ci="12" mb="0" cb="0"/><line nr="155" mi="0" ci="10" mb="0" cb="0"/><line nr="156" mi="0" ci="3" mb="0" cb="0"/><line nr="157" mi="0" ci="3" mb="0" cb="0"/><line nr="158" mi="0" ci="8" mb="0" cb="0"/><line nr="159" mi="0" ci="1" mb="0" cb="0"/><line nr="160" mi="0" ci="8" mb="1" cb="3"/><line nr="161" mi="0" ci="2" mb="0" cb="0"/><line nr="174" mi="0" ci="10" mb="0" cb="0"/><line nr="175" mi="0" ci="10" mb="0" cb="0"/><line nr="176" mi="0" ci="6" mb="0" cb="0"/><line nr="177" mi="0" ci="2" mb="0" cb="0"/><line nr="223" mi="0" ci="4" mb="0" cb="0"/><line nr="224" mi="0" ci="4" mb="0" cb="0"/><line nr="225" mi="0" ci="4" mb="0" cb="0"/><line nr="226" mi="0" ci="4" mb="0" cb="0"/><line nr="227" mi="0" ci="4" mb="0" cb="0"/><line nr="228" mi="0" ci="4" mb="0" cb="0"/><line nr="229" mi="0" ci="4" mb="0" cb="0"/><line nr="230" mi="0" ci="4" mb="0" cb="0"/><line nr="231" mi="0" ci="4" mb="0" cb="0"/><line nr="232" mi="0" ci="4" mb="0" cb="0"/><line nr="233" mi="0" ci="4" mb="0" cb="0"/><line nr="234" mi="0" ci="4" mb="0" cb="0"/><line nr="237" mi="0" ci="4" mb="0" cb="0"/><line nr="238" mi="0" ci="4" mb="0" cb="0"/><line nr="239" mi="0" ci="4" mb="0" cb="0"/><line nr="240" mi="0" ci="4" mb="0" cb="0"/><line nr="243" mi="0" ci="3" mb="0" cb="0"/><line nr="246" mi="0" ci="6" mb="0" cb="0"/><line nr="247" mi="0" ci="6" mb="0" cb="0"/><line nr="248" mi="0" ci="6" mb="0" cb="0"/><line nr="249" mi="0" ci="6" mb="0" cb="0"/><line nr="250" mi="0" ci="6" mb="0" cb="0"/><line nr="251" mi="0" ci="6" mb="0" cb="0"/><line nr="254" mi="0" ci="4" mb="0" cb="0"/><line nr="260" mi="0" ci="5" mb="0" cb="0"/><line nr="261" mi="0" ci="11" mb="0" cb="0"/><line nr="262" mi="0" ci="9" mb="0" cb="0"/><line nr="265" mi="0" ci="4" mb="0" cb="0"/><line nr="266" mi="0" ci="4" mb="1" cb="1"/><line nr="267" mi="4" ci="0" mb="0" cb="0"/><line nr="271" mi="0" ci="3" mb="0" cb="0"/><line nr="272" mi="0" ci="4" mb="0" cb="0"/><line nr="273" mi="0" ci="4" mb="0" cb="0"/><line nr="274" mi="0" ci="4" mb="0" cb="0"/><line nr="275" mi="0" ci="4" mb="0" cb="0"/><line nr="276" mi="0" ci="4" mb="0" cb="0"/><line nr="277" mi="0" ci="4" mb="0" cb="0"/><line nr="280" mi="0" ci="2" mb="0" cb="0"/><line nr="312" mi="4" ci="0" mb="0" cb="0"/><line nr="313" mi="4" ci="0" mb="0" cb="0"/><line nr="314" mi="4" ci="0" mb="0" cb="0"/><line nr="315" mi="4" ci="0" mb="0" cb="0"/><line nr="316" mi="4" ci="0" mb="0" cb="0"/><line nr="317" mi="4" ci="0" mb="0" cb="0"/><line nr="318" mi="4" ci="0" mb="0" cb="0"/><line nr="321" mi="6" ci="0" mb="0" cb="0"/><line nr="324" mi="3" ci="0" mb="0" cb="0"/><line nr="325" mi="4" ci="0" mb="0" cb="0"/><line nr="326" mi="4" ci="0" mb="0" cb="0"/><line nr="327" mi="4" ci="0" mb="0" cb="0"/><line nr="328" mi="4" ci="0" mb="0" cb="0"/><line nr="329" mi="4" ci="0" mb="0" cb="0"/><line nr="330" mi="4" ci="0" mb="0" cb="0"/><line nr="333" mi="2" ci="0" mb="0" cb="0"/><line nr="349" mi="4" ci="4" mb="3" cb="1"/><line nr="350" mi="5" ci="0" mb="0" cb="0"/><line nr="355" mi="0" ci="3" mb="0" cb="0"/><line nr="358" mi="0" ci="4" mb="1" cb="1"/><line nr="365" mi="0" ci="4" mb="0" cb="0"/><line nr="371" mi="4" ci="0" mb="0" cb="0"/><line nr="391" mi="0" ci="7" mb="0" cb="0"/><line nr="392" mi="0" ci="12" mb="0" cb="0"/><line nr="393" mi="0" ci="2" mb="0" cb="0"/><line nr="394" mi="0" ci="7" mb="0" cb="0"/><line nr="412" mi="0" ci="4" mb="0" cb="0"/><line nr="413" mi="0" ci="13" mb="0" cb="0"/><line nr="414" mi="0" ci="6" mb="0" cb="0"/><line nr="415" mi="0" ci="7" mb="0" cb="0"/><line nr="416" mi="0" ci="7" mb="0" cb="0"/><line nr="434" mi="0" ci="3" mb="0" cb="0"/><line nr="435" mi="0" ci="3" mb="0" cb="0"/><line nr="436" mi="0" ci="3" mb="0" cb="0"/><line nr="440" mi="0" ci="4" mb="0" cb="0"/><line nr="441" mi="0" ci="4" mb="0" cb="0"/><line nr="442" mi="0" ci="4" mb="0" cb="0"/><line nr="443" mi="0" ci="4" mb="0" cb="0"/><line nr="444" mi="0" ci="4" mb="0" cb="0"/><line nr="445" mi="0" ci="4" mb="0" cb="0"/><line nr="446" mi="0" ci="25" mb="0" cb="0"/><line nr="449" mi="0" ci="25" mb="0" cb="0"/><line nr="452" mi="0" ci="12" mb="0" cb="0"/><line nr="457" mi="0" ci="7" mb="0" cb="0"/><line nr="483" mi="0" ci="3" mb="0" cb="0"/><line nr="484" mi="0" ci="3" mb="0" cb="0"/><line nr="485" mi="0" ci="3" mb="0" cb="0"/><line nr="486" mi="0" ci="15" mb="0" cb="0"/><line nr="487" mi="0" ci="15" mb="0" cb="0"/><line nr="488" mi="0" ci="6" mb="0" cb="0"/><line nr="489" mi="0" ci="16" mb="0" cb="0"/><line nr="490" mi="0" ci="16" mb="0" cb="0"/><line nr="491" mi="0" ci="6" mb="0" cb="0"/><line nr="492" mi="0" ci="6" mb="0" cb="0"/><line nr="493" mi="0" ci="7" mb="0" cb="0"/><line nr="494" mi="0" ci="3" mb="0" cb="0"/><line nr="496" mi="0" ci="15" mb="0" cb="0"/><line nr="497" mi="0" ci="15" mb="0" cb="0"/><line nr="498" mi="0" ci="15" mb="0" cb="0"/><line nr="500" mi="0" ci="7" mb="0" cb="0"/><line nr="525" mi="0" ci="3" mb="0" cb="0"/><line nr="526" mi="0" ci="3" mb="0" cb="0"/><line nr="527" mi="0" ci="3" mb="0" cb="0"/><line nr="528" mi="0" ci="15" mb="0" cb="0"/><line nr="529" mi="0" ci="16" mb="0" cb="0"/><line nr="530" mi="0" ci="6" mb="0" cb="0"/><line nr="531" mi="0" ci="15" mb="0" cb="0"/><line nr="532" mi="0" ci="16" mb="0" cb="0"/><line nr="533" mi="0" ci="7" mb="0" cb="0"/><line nr="534" mi="0" ci="6" mb="0" cb="0"/><line nr="535" mi="0" ci="6" mb="0" cb="0"/><line nr="536" mi="0" ci="3" mb="0" cb="0"/><line nr="538" mi="0" ci="15" mb="0" cb="0"/><line nr="539" mi="0" ci="15" mb="0" cb="0"/><line nr="540" mi="0" ci="15" mb="0" cb="0"/><line nr="542" mi="0" ci="7" mb="0" cb="0"/><line nr="557" mi="0" ci="4" mb="0" cb="0"/><line nr="558" mi="0" ci="4" mb="0" cb="0"/><line nr="559" mi="0" ci="4" mb="0" cb="0"/><line nr="560" mi="0" ci="4" mb="0" cb="0"/><line nr="561" mi="0" ci="4" mb="0" cb="0"/><line nr="562" mi="0" ci="4" mb="0" cb="0"/><line nr="565" mi="0" ci="3" mb="0" cb="0"/><line nr="569" mi="0" ci="5" mb="0" cb="0"/><line nr="573" mi="0" ci="3" mb="0" cb="0"/><line nr="574" mi="0" ci="2" mb="0" cb="0"/><line nr="578" mi="0" ci="4" mb="0" cb="0"/><line nr="579" mi="0" ci="2" mb="0" cb="0"/><line nr="583" mi="0" ci="2" mb="0" cb="0"/><line nr="584" mi="0" ci="2" mb="0" cb="0"/><line nr="587" mi="0" ci="2" mb="0" cb="0"/><line nr="600" mi="4" ci="0" mb="0" cb="0"/><line nr="601" mi="4" ci="0" mb="0" cb="0"/><line nr="602" mi="4" ci="0" mb="0" cb="0"/><line nr="603" mi="4" ci="0" mb="0" cb="0"/><line nr="604" mi="4" ci="0" mb="0" cb="0"/><line nr="605" mi="4" ci="0" mb="0" cb="0"/><line nr="608" mi="3" ci="0" mb="0" cb="0"/><line nr="611" mi="3" ci="0" mb="0" cb="0"/><line nr="612" mi="4" ci="0" mb="0" cb="0"/><line nr="613" mi="4" ci="0" mb="0" cb="0"/><line nr="614" mi="4" ci="0" mb="0" cb="0"/><line nr="615" mi="6" ci="0" mb="0" cb="0"/><line nr="616" mi="4" ci="0" mb="0" cb="0"/><line nr="617" mi="4" ci="0" mb="0" cb="0"/><line nr="620" mi="3" ci="0" mb="0" cb="0"/><line nr="623" mi="3" ci="0" mb="0" cb="0"/><line nr="624" mi="4" ci="0" mb="0" cb="0"/><line nr="625" mi="4" ci="0" mb="0" cb="0"/><line nr="626" mi="4" ci="0" mb="0" cb="0"/><line nr="627" mi="6" ci="0" mb="0" cb="0"/><line nr="628" mi="4" ci="0" mb="0" cb="0"/><line nr="629" mi="4" ci="0" mb="0" cb="0"/><line nr="632" mi="3" ci="0" mb="0" cb="0"/><line nr="635" mi="5" ci="0" mb="0" cb="0"/><line nr="640" mi="6" ci="0" mb="0" cb="0"/><line nr="641" mi="3" ci="0" mb="0" cb="0"/><line nr="642" mi="4" ci="0" mb="0" cb="0"/><line nr="643" mi="11" ci="0" mb="0" cb="0"/><line nr="646" mi="4" ci="0" mb="0" cb="0"/><line nr="649" mi="2" ci="0" mb="0" cb="0"/><line nr="664" mi="0" ci="4" mb="0" cb="0"/><line nr="665" mi="0" ci="4" mb="0" cb="0"/><line nr="666" mi="0" ci="4" mb="0" cb="0"/><line nr="667" mi="0" ci="4" mb="0" cb="0"/><line nr="668" mi="0" ci="4" mb="0" cb="0"/><line nr="669" mi="0" ci="4" mb="0" cb="0"/><line nr="672" mi="0" ci="3" mb="0" cb="0"/><line nr="676" mi="0" ci="5" mb="0" cb="0"/><line nr="679" mi="0" ci="4" mb="0" cb="0"/><line nr="682" mi="0" ci="4" mb="0" cb="0"/><line nr="683" mi="0" ci="3" mb="0" cb="0"/><line nr="684" mi="0" ci="2" mb="0" cb="0"/><line nr="688" mi="0" ci="4" mb="0" cb="0"/><line nr="689" mi="0" ci="2" mb="0" cb="0"/><line nr="693" mi="0" ci="2" mb="0" cb="0"/><line nr="707" mi="4" ci="0" mb="0" cb="0"/><line nr="708" mi="4" ci="0" mb="0" cb="0"/><line nr="709" mi="4" ci="0" mb="0" cb="0"/><line nr="710" mi="4" ci="0" mb="0" cb="0"/><line nr="711" mi="4" ci="0" mb="0" cb="0"/><line nr="712" mi="4" ci="0" mb="0" cb="0"/><line nr="715" mi="3" ci="0" mb="0" cb="0"/><line nr="719" mi="5" ci="0" mb="0" cb="0"/><line nr="722" mi="3" ci="0" mb="0" cb="0"/><line nr="723" mi="6" ci="0" mb="0" cb="0"/><line nr="724" mi="8" ci="0" mb="2" cb="0"/><line nr="728" mi="8" ci="0" mb="0" cb="0"/><line nr="729" mi="2" ci="0" mb="0" cb="0"/><line nr="733" mi="4" ci="0" mb="0" cb="0"/><line nr="734" mi="2" ci="0" mb="0" cb="0"/><line nr="738" mi="6" ci="0" mb="0" cb="0"/><line nr="740" mi="2" ci="0" mb="0" cb="0"/><line nr="756" mi="0" ci="4" mb="0" cb="0"/><line nr="757" mi="0" ci="3" mb="0" cb="0"/><line nr="758" mi="0" ci="3" mb="0" cb="0"/><line nr="759" mi="0" ci="3" mb="0" cb="0"/><line nr="760" mi="0" ci="3" mb="0" cb="0"/><line nr="763" mi="0" ci="3" mb="0" cb="0"/><line nr="764" mi="0" ci="3" mb="0" cb="0"/><line nr="767" mi="0" ci="4" mb="0" cb="0"/><line nr="768" mi="0" ci="10" mb="0" cb="0"/><line nr="771" mi="0" ci="7" mb="0" cb="0"/><line nr="772" mi="0" ci="4" mb="0" cb="0"/><line nr="775" mi="0" ci="11" mb="0" cb="0"/><line nr="776" mi="0" ci="2" mb="0" cb="0"/><line nr="781" mi="0" ci="5" mb="0" cb="0"/><line nr="782" mi="0" ci="3" mb="0" cb="0"/><line nr="786" mi="0" ci="5" mb="0" cb="0"/><line nr="787" mi="0" ci="3" mb="0" cb="0"/><line nr="791" mi="0" ci="3" mb="0" cb="0"/><line nr="792" mi="0" ci="3" mb="0" cb="0"/><line nr="793" mi="0" ci="3" mb="0" cb="0"/><line nr="794" mi="0" ci="5" mb="0" cb="0"/><line nr="795" mi="0" ci="10" mb="0" cb="0"/><line nr="796" mi="0" ci="5" mb="0" cb="0"/><line nr="799" mi="0" ci="14" mb="0" cb="0"/><line nr="800" mi="0" ci="3" mb="0" cb="0"/><line nr="801" mi="0" ci="3" mb="0" cb="0"/><line nr="806" mi="0" ci="6" mb="0" cb="2"/><line nr="807" mi="0" ci="4" mb="0" cb="0"/><line nr="808" mi="0" ci="4" mb="0" cb="0"/><line nr="812" mi="0" ci="4" mb="0" cb="0"/><line nr="815" mi="0" ci="4" mb="0" cb="2"/><line nr="816" mi="0" ci="4" mb="0" cb="0"/><line nr="823" mi="0" ci="14" mb="0" cb="0"/><line nr="824" mi="0" ci="5" mb="0" cb="0"/><line nr="830" mi="0" ci="8" mb="0" cb="0"/><line nr="833" mi="0" ci="3" mb="0" cb="0"/><line nr="834" mi="0" ci="4" mb="0" cb="0"/><line nr="835" mi="0" ci="4" mb="0" cb="0"/><line nr="836" mi="0" ci="4" mb="0" cb="0"/><line nr="837" mi="0" ci="4" mb="0" cb="0"/><line nr="838" mi="0" ci="4" mb="0" cb="0"/><line nr="839" mi="0" ci="4" mb="0" cb="0"/><line nr="842" mi="0" ci="2" mb="0" cb="0"/><line nr="854" mi="5" ci="0" mb="0" cb="0"/><line nr="855" mi="3" ci="0" mb="0" cb="0"/><counter type="INSTRUCTION" missed="290" covered="1143"/><counter type="BRANCH" missed="8" covered="16"/><counter type="LINE" missed="69" covered="205"/><counter type="COMPLEXITY" missed="11" covered="22"/><counter type="METHOD" missed="5" covered="16"/><counter type="CLASS" missed="0" covered="1"/></sourcefile><counter type="INSTRUCTION" missed="3354" covered="3742"/><counter type="BRANCH" missed="295" covered="35"/><counter type="LINE" missed="606" covered="395"/><counter type="COMPLEXITY" missed="204" covered="38"/><counter type="METHOD" missed="54" covered="23"/><counter type="CLASS" missed="3" covered="3"/></package><counter type="INSTRUCTION" missed="10549" covered="4305"/><counter type="BRANCH" missed="599" covered="37"/><counter type="LINE" missed="2075" covered="473"/><counter type="COMPLEXITY" missed="537" covered="64"/><counter type="METHOD" missed="235" covered="48"/><counter type="CLASS" missed="39" covered="4"/></report>